5 2022-03-29T22:31:38.217792Z 3831.60041502 650.94970515 8619.41136009 0.18450510  34.248600  39.650500  24.428800 332.541100
16 2022-03-29T16:18:29.5344Z 4223.57472857 652.06805417 8815.95769137 0.20255920  34.263100  99.451700  77.108100 283.928900
163 2022-03-29T19:33:28.61712Z 3542.36137437 3345.91782087 9822.27589762 0.00999990  91.150100  48.101500 139.055200 312.833500
188 2022-03-29T14:46:00.80976Z 3533.87246794 3325.49163611 9807.81835203 0.01062320  91.143900 265.543600 141.736600  93.329500
192 2022-03-29T20:17:54.347424Z 3762.54414843 3487.35919828 10003.08797335 0.01375500  95.851500  34.755900 259.585300 326.218900
194 2022-03-28T22:03:20.971008Z 4004.94084704 3209.31115287 9985.26229996 0.03984020  95.844400 263.392800 282.235700  92.143700
195 2022-03-29T08:44:38.41872Z 3767.37356903 3515.67567875 10019.66092389 0.01256020  95.855100 129.467700 241.593900 231.736200
196 2022-03-28T02:59:48.576192Z 3579.68451682 3340.24870343 9838.10291013 0.01216880  91.157700 188.217300 137.229900 171.670200
271 2022-03-29T16:03:22.937472Z 3410.69303447 2783.07892857 9475.02228152 0.03311940  86.678700 121.841500 179.939700 241.517700
273 2022-03-29T15:19:26.695488Z 3361.61870382 2799.37485292 9458.63307837 0.02972120  86.677000 322.271200 162.512800  35.768300
274 2022-03-29T16:01:55.460064Z 3443.14232115 2776.54346923 9487.97919519 0.03512860  86.678500 247.209500 196.709700 109.133900
340 2022-03-29T22:06:32.866272Z 5643.27048395 942.10342310 9670.82325353 0.24305930  44.804100 320.253200 305.733700  35.242700
341 2022-03-29T19:20:32.99136Z 5617.63896517 948.30698660 9661.10927588 0.24165610  44.792100  69.539800 209.690900  64.315600
553 2022-03-25T10:57:47.128608Z 34577.04996628 28977.71961511 38155.52109070 0.07337510  29.864800 150.854700 303.673400 213.432800
574 2022-03-29T20:05:17.86704Z 3678.63489840 3609.65354603 10022.28052221 0.00344140  87.350100 223.386400 342.858800 136.428000
589 2022-03-29T03:23:34.351584Z 3822.97076871 3459.46459844 10019.35398358 0.01814020  87.337000 145.928600 338.193600 215.336700
602 2022-03-29T16:09:08.620416Z 3689.99796424 3568.11038426 10007.19047425 0.00609000  87.350500 168.869300 337.136000 191.352400
608 2022-03-29T15:54:33.581088Z 3743.31453612 3544.57069795 10022.07891704 0.00991530  87.343700 155.108100 340.632700 205.460000
622 2022-03-29T12:39:29.96064Z 3738.55262295 3663.90685394 10079.36603845 0.00370290  88.376800 158.713100 297.775800 201.526800
628 2022-03-29T17:24:14.311296Z 3702.87500632 3614.91048377 10037.02904504 0.00438200  87.350100 195.557100 349.933200 164.393700
629 2022-03-28T03:20:11.827392Z 3783.98639973 3499.46441072 10019.86170522 0.01419790  87.340500 154.767400 338.976500 206.020000
630 2022-03-30T11:12:55.107072Z 3711.84912248 3660.61544776 10064.36858512 0.00254530  88.373100  56.636700 289.304600 303.691600
631 2022-03-29T00:18:58.81248Z 3921.89764923 3512.52128306 10095.34576615 0.02027550  88.376800 173.206300 303.725600 187.160300
635 2022-03-28T06:59:13.5672Z 3759.65151988 3642.78944149 10079.35678069 0.00579710  88.384000 137.945200 301.664400 222.586700
702 2022-03-30T10:41:28.195872Z 3886.39990830 3394.64604021 10018.65927426 0.02454190  87.333700 166.704400 337.277600 194.042700
1000 2022-03-30T12:16:13.358208Z 2801.26392695 2779.67552720 9168.60602707 0.00117730  32.148600 201.908400  27.720300 158.091000
1001 2022-03-29T15:37:17.4792Z 2795.36682513 2762.91526568 9157.27734541 0.00177190  32.142600  65.031400 177.508900 295.202200
1002 2022-03-29T17:49:39.720576Z 2807.97580325 2779.58871531 9171.91855928 0.00154750  32.142400 104.384000  93.936600 255.837600
1359 2022-03-29T12:37:46.530336Z 3743.02904257 2782.41764405 9640.85964331 0.04981980  32.119500   6.792700  92.162400 353.901600
1361 2022-03-29T20:22:48.17568Z 2800.46082072 2775.39163970 9166.06253021 0.00136750  32.138400 314.941400 234.303100  44.997400
2009 2022-03-28T11:20:32.806752Z 3737.55160745 3493.51420042 9993.66920393 0.01220960  95.840900 330.389100 265.301300  29.009100
2201 2022-03-29T23:34:30.726048Z 4686.96909321 641.64859958 9042.44514640 0.22368510  40.872900  98.256200 112.962200 287.585800
2206 2022-03-29T19:34:35.457888Z 4635.31873439 645.07882148 9018.33507793 0.22122930  40.855000 356.473300 263.129700   2.235700
2207 2022-03-29T17:38:01.78224Z 33846.35021152 33654.43952406 40128.53116779 0.00239120   5.813800 202.039800  55.073800 314.328300
2215 2022-03-28T18:25:13.409184Z 33876.40517053 33669.49057336 40151.08417194 0.00257670   5.820500 185.425300  55.373300 174.656600
2216 2022-03-29T17:02:44.264256Z 33897.55688107 33677.42514402 40165.62731254 0.00274030   5.799400 178.969500  55.544100 205.360700
2217 2022-03-29T06:31:33.995136Z 33934.68598504 33688.11513849 40189.53686177 0.00306760   5.763900 169.001200  55.845000 191.180300
2218 2022-03-27T23:13:52.35312Z 34005.55662756 33701.31742375 40231.57332566 0.00378110   5.663400 156.120800  56.343000 218.684500
2219 2022-03-28T19:51:50.65776Z 34087.19463182 33712.71311623 40278.09017403 0.00464870   5.629000 146.833700  56.925800 213.581200
2220 2022-03-29T06:39:57.89376Z 34198.58576094 33722.90964080 40338.88400087 0.00589600   5.504400 137.759300  57.621900 275.457800
2221 2022-03-29T13:23:28.51296Z 34332.73062549 33732.98299455 40410.99311002 0.00742060   5.428100 129.998500  58.515000 230.792800
2222 2022-03-29T15:30:48.167712Z 34693.95448762 33446.35924356 40448.29316559 0.01542210   5.357000 125.972000  59.692700 272.353000
2255 2022-03-29T16:14:26.847168Z 4279.76457752 4177.27036082 10606.65376917 0.00483160  86.940400 296.647300 316.906200  62.939100
2256 2022-03-29T23:32:24.836064Z 4276.50912326 4200.90446023 10616.84309175 0.00356060  86.883300 358.459100 297.855300   1.610200
2359 2022-03-28T05:29:41.865792Z 4031.98899531 3207.87617183 9998.06888357 0.04121360  87.274000 271.274700 174.606300  84.093900
2361 2022-03-27T13:42:00.237312Z 4045.14222117 3223.69037827 10012.55259972 0.04102110  87.330900 143.225600 328.089700 219.749100
2362 2022-03-30T09:09:58.32864Z 5778.29757449 1277.79096199 9906.18056824 0.22715650  85.634000  50.342400 257.272700 327.687100
2364 2022-03-28T07:23:05.72928Z 4258.97795218 3001.69555211 10008.47305215 0.06281090  87.558600 210.123600  58.221500 146.205100
2365 2022-03-29T21:20:41.591328Z 4430.45502733 2812.34968136 9999.53865434 0.08090900  87.182400  98.920600 248.971300 270.403300
2367 2022-03-29T07:16:17.721696Z 5837.78616778 1173.90961845 9883.98419311 0.23593100  85.514900 177.708100  42.233100 183.730000
2375 2022-03-29T17:46:33.419712Z 5433.80992352 1687.24731144 9938.66491748 0.18848420  86.267100  91.069700 268.910200 290.541500
2377 2022-03-29T23:51:20.651328Z 4489.13123937 2732.80862318 9989.10623127 0.08791190  87.262000 126.062100 314.972800 242.494800
2378 2022-03-27T13:01:11.650944Z 3951.52090377 3314.61412386 10011.20381382 0.03180970  87.299600 159.345300 305.338000 202.059300
2380 2022-03-29T19:45:45.165888Z 4087.05465320 3158.55908846 10000.94317083 0.04642040  87.240800  69.015500 230.702500 295.971900
2381 2022-03-29T21:23:19.37328Z 4469.55949267 2769.47454228 9997.65331748 0.08502420  87.145800  96.871900 250.101700 272.951100
2403 2022-03-29T19:52:44.485824Z 3704.05652613 3668.15335194 10064.24123904 0.00178370  90.284600 176.071600 258.911700 184.027800
2411 2022-03-28T10:39:37.595232Z 3707.42629547 3668.68554809 10066.19222178 0.00192430  90.285100 168.193000 259.995000 191.937600
2412 2022-03-28T09:48:21.996288Z 3703.63431616 3680.94765757 10070.42728686 0.00112640  90.284700 171.402800 259.810100 188.701800
2481 2022-03-29T22:07:48.873216Z 3724.01107615 3657.78100901 10069.03234258 0.00328880  89.754300  60.178000  42.524800 300.233400
2498 2022-03-27T23:53:24.338112Z 4258.92065348 575.13043928 8795.16184638 0.20942140  40.637100 350.815600 346.810500   5.923300
2511 2022-03-29T16:53:03.487776Z 4257.39882455 4224.45848506 10619.06495480 0.00155100  87.040400  15.212600 359.807300 344.914400
2516 2022-03-28T21:47:16.069632Z 4743.56625703 700.84195538 9100.34040621 0.22211940  41.012300 102.681800 174.237900 282.950900
2520 2022-03-30T06:08:10.5576Z 3709.60223700 3677.71091204 10071.79287452 0.00158320  89.753900  47.823900  42.615200 312.395400
2530 2022-03-27T23:53:10.953024Z 4088.91596518 3153.49360559 9999.34108539 0.04677420  87.537800 165.196100 287.020900 354.804200
2531 2022-03-27T00:20:56.53248Z 3812.46914977 3444.59008793 10006.66591885 0.01838170  87.272000 165.943300 312.000200 194.663100
2532 2022-03-28T05:12:32.94288Z 4140.31882432 3120.00295094 10008.29718763 0.05097350  87.268300 143.257800 286.306800 220.437000
2610 2022-03-29T19:56:39.603552Z 4537.25789721 473.67429456 8883.60239588 0.22871260  99.104600 207.317800 206.640800 138.679500
2622 2022-03-29T21:24:54.497088Z 4433.75869659 475.06675218 8832.54902439 0.22409680  99.095700 289.934700 306.175600  47.495700
2645 2022-03-28T13:39:38.435904Z 33818.61839032 33525.58681238 40050.23890135 0.00365830   5.476900  72.613800  55.864100  90.135600
2649 2022-03-29T12:48:54.717696Z 33827.07196480 33534.40183719 40058.87320100 0.00365300   5.439400  69.256800  55.682600  86.141200
2650 2022-03-30T10:28:31.255104Z 33843.05777525 33548.01935144 40073.67486335 0.00368120   5.419300  62.817100  55.855100  58.618800
2651 2022-03-29T04:48:54.351648Z 33878.66041712 33570.07965138 40102.50633425 0.00384740   5.374200  50.470600  56.204300 111.938300
2652 2022-03-30T08:14:09.373056Z 33937.22050631 33591.59320971 40142.54315801 0.00430500   5.341300  36.349200  56.957300 324.065300
2653 2022-03-29T13:19:53.377824Z 34015.31697955 33610.14480919 40190.86719437 0.00504060   5.242100  22.689300  57.242000 337.663200
2654 2022-03-29T15:05:43.61712Z 34119.02250183 33624.48818318 40249.89164251 0.00614330   5.173200  10.137600  58.201200  34.032200
2655 2022-03-29T10:53:20.597568Z 34248.83955349 33635.96734927 40320.53975138 0.00760000   5.041300   0.082600  58.715400  80.660600
2796 2022-03-30T07:54:15.971328Z 4053.04925508 3193.96221321 10001.64203415 0.04294730  87.246900  69.873900 239.122700 294.778800
2861 2022-03-27T14:45:26.579808Z 3947.81287264 3794.92917152 10249.50732208 0.00745810  90.080000 125.415700 312.708100 235.367300
2862 2022-03-29T04:07:42.5712Z 33535.19695933 33011.31483534 39651.39219733 0.00660610   1.291100  70.863100 240.323400 290.718000
2863 2022-03-29T15:58:48.618336Z 33543.13619562 33031.40484912 39665.40682237 0.00645060   1.272900  67.298000 241.375100 252.631000
2864 2022-03-29T21:57:06.078816Z 33555.20167036 33072.49158915 39691.98292975 0.00608070   1.353900  60.073900 243.132300 280.860300
2865 2022-03-29T23:45:16.022592Z 33577.52738866 33128.51761680 39731.15880273 0.00565060   1.383200  48.398000 245.799900 208.491000
2866 2022-03-29T18:46:42.532608Z 33617.44979900 33184.90545111 39779.31392506 0.00543680   1.464400  35.590400 248.807000 182.229900
2867 2022-03-30T01:00:44.94816Z 33668.06222563 33259.08706279 39841.71094421 0.00513250   1.587200  13.363300 251.940200 159.008300
2868 2022-03-29T19:02:42.838368Z 33837.86197850 33216.52798934 39905.33128392 0.00778510   1.675200 350.072600 256.194600 193.175000
2876 2022-03-27T23:55:09.329664Z 3947.91515912 3796.39127933 10250.28951923 0.00739120  90.077400 127.935100 311.993600 232.819400
2877 2022-03-30T01:19:15.687552Z 3945.48176599 3798.08790009 10249.92113304 0.00719000  90.077900 120.430100 312.275800 240.366300
2949 2022-03-30T12:41:43.344096Z 5550.62467520 1490.49113190 9898.69420355 0.20508430  85.801200  79.439700 274.161400 345.173300
2997 2022-03-29T16:42:15.645888Z 4664.97814422 2417.39275470 9919.32174946 0.11329330  86.782700 162.270000 352.083500 202.130400
3121 2022-03-28T07:22:08.508288Z 3735.29408002 3666.60510964 10079.08589483 0.00340750  88.372500 167.652300 295.273300 192.516800
3255 2022-03-29T00:58:07.862592Z 3881.88299636 3382.59940198 10010.37749917 0.02493830  87.310400 157.126800 316.812100 204.092000
3257 2022-03-29T00:37:59.657952Z 4014.50426980 3276.36258107 10023.56972543 0.03682030  87.283000 163.397400 294.785600 197.931000
3267 2022-03-30T11:22:41.49264Z 3415.37548091 578.08895086 8374.86851589 0.16939290  88.380000  16.267200 255.776800 348.648700
3284 2022-03-29T14:25:37.167168Z 33834.14525697 33739.14751296 40164.78268496 0.00118260   4.089400  92.850300  61.532900  58.083100
3285 2022-03-29T13:12:28.208736Z 33849.63757311 33740.82399103 40173.36708207 0.00135430   4.110600  95.142200  61.709000  74.548200
3286 2022-03-29T14:27:22.665024Z 33878.81974153 33742.21850175 40188.65542164 0.00169950   4.085700  94.769200  61.866600  62.404800
3287 2022-03-29T14:21:51.097248Z 33935.41781418 33744.30189645 40217.99615531 0.00237600   4.036200  94.774500  62.161700  41.480200
3288 2022-03-30T05:40:42.66768Z 34014.10916357 33745.76494981 40258.07335669 0.00333280   3.935500  93.342400  62.462100 356.506400
3289 2022-03-29T15:36:12.201408Z 34105.50168291 33749.73889182 40305.75658736 0.00441330   3.888700  92.121600  63.038200 321.445300
3290 2022-03-30T10:21:03.951072Z 34230.13995424 33751.71808731 40369.06532078 0.00592560   3.750200  90.385000  63.532200  71.678100
3291 2022-03-30T08:29:10.481856Z 34360.03674214 33757.57482939 40436.94208577 0.00744940   3.667000  88.238100  64.284900 146.084400
3292 2022-03-30T12:24:12.6648Z 35046.50233409 33668.88179610 40735.82836510 0.01690920   4.388400 328.599600  63.276000 147.982800
3307 2022-03-29T20:18:49.045536Z 5856.05047060 5832.89351692 12222.60829376 0.00094730 120.843500  10.084100  74.967000 349.995000
3669 2022-03-29T21:32:27.004128Z 3449.62154872 575.68685880 8390.79050376 0.17125530  88.420800 115.538800 314.570300 263.238900
3848 2022-03-22T23:01:08.679936Z 5861.84354739 5826.50396010 12222.31005374 0.00144570 120.851700  80.897300  83.075200 279.326500
4630 2022-03-29T15:24:23.851008Z 36252.91418687 25713.73871600 37361.46275144 0.14104340  12.477100 212.381600  65.211800 147.919100
4632 2022-03-29T08:58:28.913664Z 36276.34784092 25684.11491048 37358.36767570 0.14176520  12.488000 212.450300  64.857700 146.781400
4786 2022-03-29T19:18:06.680736Z 5189.96356090 2465.32256240 10205.77936165 0.13348520  55.864000 178.889500 221.156900 341.500100
4789 2022-03-29T17:33:58.313952Z 5082.17493901 1589.29756032 9713.87254966 0.17978810  51.604200 272.774400 338.673500  97.232400
4790 2022-03-30T11:18:00.522432Z 5086.42896275 1610.19284204 9726.44720239 0.17870020  51.584300 156.039600 134.154600 213.507200
5702 2022-03-30T11:32:37.731264Z 5246.76674197 1920.28485592 9961.66209894 0.16696420  86.429900  75.816100 288.844100 302.183200
6215 2022-03-29T03:02:41.513568Z 3554.50545124 3346.43775339 9828.60790231 0.01058480  91.155000 118.695600 137.218800 242.460200
7369 2022-03-29T12:52:34.345632Z 13747.13707808 13472.97503408 19988.19235608 0.00685810 125.065000 342.064400  79.073700 195.820600
8405 2022-03-30T01:18:20.696544Z 2594.50224567 1426.42807957 8388.60146262 0.06962270 102.718800 253.637900 201.649500  98.701400
8567 2022-03-28T08:29:04.591104Z 2581.89061557 1420.66629139 8379.41475348 0.06929030 100.625100 301.853100  31.535800 219.095000
8599 2022-03-28T10:44:00.833568Z 13739.06573131 13484.02140382 19989.67986757 0.00637940 125.067100 342.519900  78.563500 190.004900
8820 2022-03-29T16:54:20.847744Z 5948.34592776 5837.74576308 12271.18214542 0.00450650 109.862700 271.848000  11.673500 127.355000
8822 2022-03-28T15:00:28.679616Z 5946.15562287 5834.68352420 12268.55587354 0.00454300 109.863400 267.556900  15.643000 236.467400
9835 2022-03-29T06:06:30.446784Z 2551.27255763 1438.10229414 8372.82372588 0.06647520 101.316900 306.675100 250.272800 236.451100
9841 2022-03-30T04:09:38.569248Z 3804.95040447 795.75247323 8678.48773885 0.17337110  65.757800 335.239800 319.797700  17.407300
9843 2022-03-29T14:12:36.556128Z 3796.68916958 794.59402373 8673.77789666 0.17305580  65.744700 344.893900 289.334200  10.592600
9981 2022-03-29T12:50:19.71888Z 3710.83666700 785.80811013 8626.45868857 0.16953820  65.206300 283.610900 185.199400  58.225300
9982 2022-03-20T11:26:24.592128Z 3750.81718688 779.14564044 8643.11771366 0.17190970  65.894500   8.614300 217.047600 354.065300
9983 2022-03-28T14:14:03.92208Z 3777.12701054 808.78938409 8671.09449732 0.17116280  65.593200 290.759800 193.765600  51.858500
9998 2022-03-29T17:52:10.57152Z 32895.17771553 30791.20076427 38221.32553990 0.02752360   3.875900 318.807600 104.372300  39.451400
10091 2022-03-29T09:03:39.698784Z 20352.80843063 20030.40056787 26569.74079925 0.00606720  64.158900 230.984600 329.576700 303.607400
10664 2022-03-30T05:01:51.849696Z 3940.58001094 642.01334487 8669.43297790 0.19024120  65.366700  28.048500 118.174600 341.094100
10684 2022-03-29T01:38:17.625984Z 20620.08389175 20188.86245315 26782.60947245 0.00805040  63.308700 211.290300  99.047600 148.272800
10856 2022-03-29T20:31:02.693856Z 3522.45182716 1570.27949472 8924.50196094 0.10937150  27.943100   0.617300 356.735700  58.089200
10893 2022-03-29T10:49:38.661888Z 21426.89739231 18750.53738699 26466.85368965 0.05056060  63.762100  46.546700 322.286900 126.812700
11054 2022-03-26T10:43:17.162688Z 21079.32411028 20569.34308562 27202.46989795 0.00937380  63.909600 230.903500 345.649000 310.593000
11141 2022-03-29T00:45:22.46832Z 21230.92379709 20532.10627924 27259.65133817 0.01281780  62.857000  41.660600 116.694900 108.440600
11690 2022-03-29T01:44:15.0576Z 21464.66229880 18902.12286309 26561.52888094 0.04823780  63.745000 202.260700  96.137900  39.860400
11783 2022-03-29T14:34:42.813408Z 21331.63566606 18528.05709116 26307.98267861 0.05328380  62.749800  56.651700 300.681700 305.157300
12329 2022-03-29T20:37:34.2336Z 3903.62791113 636.45672577 8648.17861845 0.18889360  65.267200 206.554200 275.855400 142.515700
12330 2022-03-30T11:37:24.165408Z 3923.71818008 636.77156842 8658.38117425 0.18981300  65.367500  23.410000  72.764300 344.277200
12331 2022-03-27T03:49:05.146176Z 3742.46515883 623.11957962 8560.92866923 0.18218500  64.822400 308.131800  50.727200  36.863800
12406 2022-03-29T15:44:07.19664Z 3781.82050211 645.52350493 8591.80830352 0.18251670  65.881600  34.307800 225.784900 336.319400
12529 2022-03-30T12:04:00.80112Z 2714.50870639 1402.77529013 8436.77829826 0.07773900 103.425600 114.898400 354.625000 253.481300
12580 2022-03-27T07:29:17.657088Z 2538.54837194 1500.62349478 8397.72223336 0.06179800 102.446100 297.919100  35.744000 225.935000
12857 2022-03-29T17:39:38.728224Z 3752.52553907 805.84509973 8657.32161940 0.17018430  66.291600   9.530000  67.576600  37.473400
13133 2022-03-29T17:23:42.994752Z 3645.10836833 804.05403176 8602.71750004 0.16512540  65.846800  95.760100 319.387300 283.311000
13603 2022-03-28T20:28:27.552288Z 19086.65548685 19051.37555557 25447.15182121 0.00069320  64.145200  16.786400 120.530800 332.554200
13606 2022-03-29T07:19:20.597664Z 19322.75117856 18936.74546217 25507.88462037 0.00756640  64.116700  27.096700 124.448500  36.342000
13607 2022-03-28T02:13:02.913312Z 19082.81063006 19064.22074345 25451.65198675 0.00036520  64.126700  12.366200 120.516400  60.009000
13610 2022-03-29T18:14:42.772992Z 19080.15183916 19035.98949663 25436.20696790 0.00086810  64.137100 211.525800 119.473800 143.306900
13970 2022-03-29T17:07:17.710752Z 35129.21799143 22266.26266592 35075.87662868 0.18335900   2.216400 163.422100  43.580300 334.093100
14189 2022-03-30T06:04:26.144832Z 21519.28018406 20466.48675387 27371.01976897 0.01923190  62.520800  48.235500 113.387100 314.227300
14258 2022-03-28T03:07:34.961664Z 19168.32115603 19091.27698803 25507.93537203 0.00151020  64.197600   5.081200 125.917500  69.073900
14259 2022-03-29T18:14:42.772992Z 18998.92715842 18891.89465380 25323.54720611 0.00211330  64.194500 312.028900 112.566500  48.413300
14260 2022-03-29T07:06:42.499008Z 19160.44831816 19154.13085379 25535.42588597 0.00012370  64.179300 318.975600 127.455500 182.983600
14264 2022-03-28T07:49:32.105856Z 19168.61169724 19119.11433177 25521.99931451 0.00096970  64.183600 213.507500 126.628000 175.909800
14512 2022-03-30T05:49:04.345824Z 3777.96679590 791.45683788 8662.84811689 0.17237460  65.743700 333.608900 178.614100  18.613200
14590 2022-03-29T06:27:28.665792Z 19156.12844206 19104.14768057 25508.27436132 0.00101890  66.627200 187.996800  19.213400  88.387500
14591 2022-03-29T05:04:43.165344Z 19186.52013383 19073.18813234 25507.99043308 0.00222150  66.620300 175.610400  19.114400  93.553500
14592 2022-03-28T09:21:52.6752Z 19221.23202857 18921.56376342 25449.53419600 0.00588750  66.598200 196.730600  15.424200  31.949600
14595 2022-03-29T17:41:06.819072Z 19227.63374380 18899.23901199 25441.57267789 0.00645390  66.582000 193.791300  14.647700  14.860700
14977 2022-03-28T19:06:25.362432Z 19172.22827327 19087.96437762 25508.23262544 0.00165170  66.596700 227.178600  18.320400  15.029700
14978 2022-03-28T19:06:46.215072Z 19160.41355864 19099.41360815 25508.04988339 0.00119570  66.601100 183.329900  18.786200  50.925000
14979 2022-03-29T06:30:05.1768Z 19168.54542250 19121.50623469 25523.16212860 0.00092150  66.608200 198.428000  19.767100  87.719100
14984 2022-03-29T00:12:34.74288Z 19142.54071458 19107.52486342 25503.16908900 0.00068650  66.606900 240.541600  18.617400  21.424200
15039 2022-03-29T14:13:42.587328Z 21523.32760395 20351.65650445 27315.62835420 0.02144690  62.609900  45.058600 109.044600 317.076000
15202 2022-03-29T19:52:43.701312Z 3982.63446189 543.31788554 8641.11247371 0.19900890  28.915100 315.179000 279.528600  30.389000
15205 2022-03-29T14:18:01.484064Z 3848.71469211 547.25316429 8576.12022820 0.19247990  28.719600  38.381700 191.477400 333.910000
15259 2022-03-30T10:08:52.903392Z 19192.67185323 19066.49027697 25507.71736510 0.00247340  64.205400 210.884500 125.824400 329.360900
15260 2022-03-29T08:57:12.63024Z 19182.57761055 19151.51466871 25545.18243963 0.00060800  64.155600 195.276000 127.432000 240.986700
15261 2022-03-29T09:32:06.522144Z 19251.60487215 19007.90756859 25507.89252037 0.00477690  64.130400 214.727800 124.427600 139.849100
15264 2022-03-26T14:16:51.044736Z 19159.03754832 19109.55873296 25512.43444064 0.00096970  64.157500  56.860200 125.325600 355.939100
15271 2022-03-29T01:21:10.393056Z 21284.73435099 20530.54459432 27285.77577266 0.01382020  63.244300 228.697200 336.933400 316.124900
15697 2022-03-28T18:59:14.243712Z 19216.34851444 19043.34826069 25507.98468757 0.00339110  64.241200  23.128500 126.295900 306.171600
15698 2022-03-28T22:08:45.551616Z 19163.82964992 19092.41212978 25506.25718985 0.00140000  64.225500  14.872200 125.886000 322.489100
15699 2022-03-29T17:16:48.255744Z 19177.02749257 19088.22962225 25510.76485741 0.00174040  64.223200  19.443100 126.121700 341.764000
15702 2022-03-28T05:51:12.464928Z 19198.27155239 19026.43506384 25490.48960812 0.00337060  64.227900  16.105700 124.876500  23.961900
16129 2022-03-30T09:20:47.632416Z 22019.58622084 20418.23983650 27597.04932867 0.02901300  62.892100  49.119700 127.234600 313.749300
16396 2022-03-25T19:47:21.666048Z 19160.66875984 19098.98540279 25507.96338131 0.00120910  66.364200 208.906100  15.047800   4.291900
16397 2022-03-25T21:37:33.953088Z 19149.62434939 19110.26538015 25508.08116477 0.00077150  66.376200 189.400400  15.227300  62.421400
16398 2022-03-29T06:22:51.329568Z 19170.82683587 19118.02065914 25522.56004751 0.00103450  66.359800  18.979200  15.639400 222.660000
16404 2022-03-29T05:00:47.919744Z 19143.69592563 19105.84451178 25502.90651870 0.00074210  66.365100  20.295300  14.686400 266.357600
16961 2022-03-29T07:44:32.86032Z 19143.82830100 19115.89704213 25507.99897156 0.00054750  64.234400 224.715200 125.349100 133.064400
16962 2022-03-30T07:11:32.578368Z 19156.90158930 19102.71251445 25507.94335187 0.00106220  64.238600  35.349500 125.381500  39.990000
16963 2022-03-28T17:22:39.480384Z 19138.04952733 19120.96960766 25507.64586750 0.00033480  64.223600 313.951400 125.172100 350.966600
16968 2022-03-30T07:02:57.687072Z 19183.27304689 19050.30172292 25494.92368490 0.00260780  64.236600 218.875900 124.490800 215.959600
17000 2022-03-29T18:07:17.815584Z 2580.18723642 1435.02363631 8385.74173637 0.06828040 102.485600 140.947100  29.672600 255.728900
18355 2022-03-29T13:00:48.466368Z 19140.76170627 19119.20734418 25508.12082522 0.00042250  66.036800 266.762300  10.156000 246.869600
18356 2022-03-29T01:33:55.338048Z 19176.83025050 19082.85375683 25507.97830367 0.00184210  66.056900 216.204600  10.477200   0.132300
18357 2022-03-29T01:46:33.956832Z 19178.34698918 19081.37069325 25507.99514122 0.00190090  66.053600 215.441900  10.413700  84.289600
18360 2022-03-28T20:53:42.88992Z 19125.19947832 19084.33509413 25482.90358623 0.00080180  66.038300 257.789700   8.945600 337.503500
18589 2022-03-29T18:14:11.231808Z 4892.69483294 672.66424723 9160.81584009 0.23033050  59.059600 340.018200 258.688500  12.312400
18591 2022-03-29T11:41:26.818944Z 3392.32495551 1390.49375334 8769.54565442 0.11413540 101.045000 121.473400 287.143700 305.795400
18600 2022-03-29T19:16:54.522912Z 2875.94723992 1537.69171082 8584.95577537 0.07794190 102.039700  47.460400 185.003100  96.211000
18603 2022-03-29T06:18:13.494816Z 3406.62448090 2790.77604751 9476.83656420 0.03249230  86.686000 151.949400 189.043800 238.404500
18688 2022-03-28T11:53:15.545184Z 3681.60663481 3609.40433830 10023.64178656 0.00360160  87.362500 215.070100 349.394400 288.255400
18962 2022-03-29T11:25:00.00912Z 5062.87960962 2044.73134631 9931.94177796 0.15194150  86.573800 157.143500 359.896000 210.508300
19008 2022-03-29T09:18:02.909952Z 3628.80905261 543.78112932 8464.43139096 0.18223480  28.732900 105.487400 126.597300 275.340000
19051 2022-03-29T08:05:01.14864Z 4433.88614994 2814.87108351 10002.51491673 0.08093040  87.202000 134.877200 302.256000 232.077100
19059 2022-03-24T03:06:21.462912Z 3732.62865309 3535.93073591 10012.41599450 0.00982270  87.341100 166.364500 335.552600 193.989600
19109 2022-03-29T19:23:03.820704Z 4126.92767777 3108.78580646 9995.99304211 0.05092750  87.311100 124.299500 223.921100 240.715500
19163 2022-03-29T05:42:45.232128Z 19137.56039861 19122.12297033 25507.97798447 0.00030260  64.326100 116.791800 126.436200 249.904800
19164 2022-03-29T14:50:42.844416Z 19190.01510678 19069.44961477 25507.86866078 0.00236330  64.321600 220.971600 126.351600 140.046900
19165 2022-03-28T11:39:32.17824Z 19140.54505173 19119.00617091 25507.91191132 0.00042220  64.310100 307.681200 126.210100 169.016100
19168 2022-03-29T14:34:42.813408Z 19132.44139660 19064.17980478 25476.44690069 0.00133970  64.325300 220.157600 124.439400 326.541800
19299 2022-03-29T14:19:41.341728Z 4343.52712012 2904.65845516 10002.22908764 0.07192740  87.175300  86.311400 240.718000 281.963600
19314 2022-03-29T06:59:26.146176Z 3858.21429235 628.77542308 8621.63115772 0.18728700  65.364300 345.255300 185.767700  10.015900
19501 2022-03-28T21:45:10.667808Z 19155.25700789 19104.55212426 25508.04086608 0.00099390  65.776000  49.553200   6.495800  54.432500
19502 2022-03-29T08:06:57.06288Z 19186.69114800 19073.18022765 25508.07198783 0.00222500  65.770900  17.889600   6.410100 265.356900
19503 2022-03-29T04:58:47.892Z 19138.37495924 19121.39171976 25508.01963950 0.00033290  65.799700 228.277500   6.815200  47.363000
19505 2022-03-28T22:30:51.636096Z 19132.91624449 19084.23662317 25486.71273383 0.00095500  65.766400 218.596400   5.326100  67.577500
19599 2022-03-29T15:04:39.579168Z 3845.39895477 547.71150280 8574.69152878 0.19229190  28.708400  47.046700 194.739500 327.612000
19749 2022-03-29T07:55:17.157216Z 19143.61673426 19115.89985599 25507.89459512 0.00054330  64.272400 240.289000 125.219600 109.360000
19750 2022-03-29T08:07:13.324224Z 19169.77862858 19090.00991538 25508.03057198 0.00156360  64.290200 218.288300 125.531000  70.320400
19751 2022-03-30T12:26:41.640864Z 19185.97253181 19065.14113449 25503.69313315 0.00236890  64.283700 213.089300 125.101600 150.492800
19753 2022-03-26T10:38:42.6768Z 19191.28863715 19059.18117431 25503.37120573 0.00259000  64.282700 215.548100 125.215800 144.024800
19754 2022-03-28T23:49:00.589152Z 19143.16408212 19065.71234514 25482.57451363 0.00151970  64.287100 236.837200 123.913700  83.972700
19802 2022-03-30T04:36:53.798112Z 21727.69314083 21510.28426632 27997.12500358 0.00388270  54.326500 213.879100 146.617800 147.900900
19891 2022-03-25T13:02:35.6568Z 4108.19468169 3152.83681595 10008.65204882 0.04772660  87.254400 111.287100 306.926800 280.321500
19946 2022-03-30T08:03:56.5128Z 4418.48729886 2805.28637471 9990.02313679 0.08074060  86.962500  28.282800 122.838700 346.316800
19981 2022-03-30T05:52:59.863584Z 3381.26484166 2791.45081779 9464.49412972 0.03115930  86.692500  36.078500 178.867600 326.072000
20024 2022-03-29T06:29:54.108096Z 19148.50700738 19111.28568614 25508.03264676 0.00072960  65.540600 218.830100   3.398400  73.269500
20025 2022-03-29T00:12:07.029216Z 19173.90634753 19085.68461467 25507.93178110 0.00172930  65.561000 200.903600   3.664600  71.595000
20026 2022-03-29T17:06:45.120672Z 19168.53805623 19074.92803586 25499.86934605 0.00183550  65.546900 219.131300   3.085700 142.825000
20028 2022-03-29T08:05:04.316928Z 19121.09496179 19077.62525741 25477.49640960 0.00085310  65.536700 299.236300   1.909400 330.136400
20044 2022-03-29T01:42:20.299392Z 19164.87855176 19078.41898052 25499.78506614 0.00169530  65.546800 220.340700   3.098200  55.840500
20061 2022-03-29T07:54:23.064768Z 21327.32506860 21209.86516551 27646.73141705 0.00212430  54.424000 175.418500 295.497600  11.686500
20185 2022-03-29T07:13:43.146048Z 21577.94633604 21506.96660510 27920.59277057 0.00127110  54.179900 296.224600 142.106100  68.776600
20302 2022-03-29T15:21:22.995072Z 21237.80328390 21188.85050990 27591.46319690 0.00088710  54.215900  56.585900 238.317300 120.521600
20349 2022-03-30T10:05:46.720032Z 2520.17990365 1470.14165533 8373.29707949 0.06270160 102.560500 301.910100  59.310100 219.634300
20361 2022-03-28T08:22:58.40112Z 21306.99005285 21168.71128290 27615.98696787 0.00250360  55.352100 294.972800  64.691600 251.621900
20452 2022-03-29T03:01:58.829376Z 21236.58913253 21156.83715297 27574.84944275 0.00144610  54.709900 262.308300 187.439700  65.885600
20533 2022-03-28T14:19:42.109824Z 21165.04726941 20950.43833590 27435.87910265 0.00391110  54.658700 198.105000 302.594100  64.103100
20619 2022-03-29T01:36:28.656576Z 19239.44425441 19020.19825762 25507.95755601 0.00429760  65.364800 209.020000   1.304700  48.876600
20620 2022-03-29T04:55:46.570368Z 19189.61214720 19070.07664806 25507.98069763 0.00234310  65.360500  34.817400   1.252400 239.185900
20621 2022-03-28T23:22:29.205696Z 19227.01614071 19032.36591039 25507.82732555 0.00381550  65.380300 221.607800   1.518400 221.999600
20623 2022-03-28T23:14:27.325248Z 19143.29155401 19066.11931610 25482.84173505 0.00151420  65.361000 345.024400   0.130400 132.954300
20724 2022-03-28T06:51:27.75888Z 21543.49898122 21322.72771925 27811.24965024 0.00396910  53.893100 304.276900 128.511400 154.010900
20830 2022-03-29T07:17:34.151136Z 21443.14832134 21310.90606935 27755.16349535 0.00238230  55.457300 266.534700  62.507100 237.274300
20959 2022-03-28T09:37:34.608Z 21386.70651562 21288.13336829 27715.55624195 0.00177830  54.906500  61.848300 105.011400 298.387200
21006 2022-03-28T04:10:27.876864Z 19346.54114914 18913.18068284 25507.99721599 0.00849460  64.245600 198.100500 124.171100 238.535200
21007 2022-03-29T08:31:49.939968Z 19246.06387413 19013.82808980 25508.08228196 0.00455220  64.266400 199.467600 124.516700 249.592900
21008 2022-03-29T04:41:56.097024Z 19178.98512746 19081.28844154 25508.27308450 0.00191500  64.246700 237.866200 124.213400  92.483400
21011 2022-03-29T14:47:31.003584Z 19132.88772002 19101.46729528 25495.31380765 0.00061620  64.251300 247.988900 123.521600 149.524600
21216 2022-03-28T22:17:12.464736Z 19166.84883540 19092.40697634 25507.76420587 0.00145920  65.087900 227.315800 357.896000 132.587100
21217 2022-03-29T07:45:34.31664Z 19189.59993683 19070.35969723 25508.11611703 0.00233730  65.078600 221.532200 357.787300 311.793900
21218 2022-03-29T05:40:56.635968Z 19140.76775457 19118.87172511 25507.95603984 0.00042920  65.072500 253.218200 357.701000 190.936800
21221 2022-03-29T13:03:51.890976Z 19157.80702045 19091.44373401 25502.76167723 0.00130110  65.076600 221.431300 357.523300 293.954000
21552 2022-03-28T07:58:46.654752Z 21073.32318021 20886.23334568 27357.91456295 0.00341930  55.946800 107.728500  47.327000  70.104400
21660 2022-03-28T00:00:47.896704Z 5078.91153284 2016.11253822 9925.64833553 0.15428710  86.560100 285.168500 104.856700  77.894700
21853 2022-03-29T15:18:21.714912Z 19153.67785145 19106.16144483 25508.05594814 0.00093140  64.191600 201.344000 123.070000 329.930500
21854 2022-03-28T12:30:21.49776Z 19207.97342091 19051.17243076 25507.70922584 0.00307360  64.196700  23.486000 123.153300 279.711000
21855 2022-03-29T06:52:34.452768Z 19161.75629583 19097.91494371 25507.97191977 0.00125140  64.196100 243.496900 123.138900 118.328600
21858 2022-03-28T23:50:42.187776Z 19134.36586949 19107.10757423 25498.87302186 0.00053450  64.198200  36.598900 122.665700 297.348000
21877 2022-03-28T11:27:31.838976Z 35583.39722544 30566.24362463 39452.95672504 0.06358400   9.612000  57.772800 334.048600 308.180600
21890 2022-03-28T23:51:12.947904Z 21103.81161672 20861.04134317 27360.56277995 0.00443650  54.314100  34.815500 222.123500 268.262200
21930 2022-03-28T19:19:35.2848Z 21472.39470177 21300.13325668 27764.40027922 0.00310220  55.863800 314.055500 358.478800 296.675800
22014 2022-03-28T22:42:00.22608Z 21373.76355806 21348.94780853 27739.49198330 0.00044730  55.232000 262.954100 171.838900  97.029800
22056 2022-03-29T04:00:17.574912Z 19154.30598655 19104.51525496 25507.54692075 0.00097600  64.903800 258.802900 355.946600 196.164200
22057 2022-03-29T02:27:43.235136Z 19173.08774216 19086.41703797 25507.88869007 0.00169890  64.916900 346.408400 356.120800 119.323300
22058 2022-03-29T06:36:42.635808Z 19167.48514657 19092.18561417 25507.97168037 0.00147600  64.911600 228.542100 356.060400  60.993300
22061 2022-03-28T09:27:48.588768Z 19118.21237598 19104.74876035 25489.61686816 0.00026410  64.898500 317.413300 355.133300 345.133500
22097 2022-03-29T22:35:58.989408Z 2638.57568274 1768.25039555 8581.54933915 0.05070910  25.196200 302.437600 164.212900 219.815100
22108 2022-03-28T21:41:28.006368Z 21436.36850416 21355.32402304 27773.98256360 0.00145900  54.745300  17.976200 219.379500 342.026500
22176 2022-03-29T22:03:08.7048Z 3069.65411370 1405.76537222 8615.84604296 0.09655980  25.087700 212.146000 305.269400 171.475200
22195 2022-03-28T18:49:14.536128Z 5951.38476058 5616.10600633 12161.88168346 0.01378400  52.644200 233.566700 160.787100 116.204400
22197 2022-03-29T04:07:41.974176Z 5949.71282030 5615.13447030 12160.55994530 0.01375670  52.641100 236.840700 157.410500 121.888900
22231 2022-03-29T03:46:24.494016Z 21320.77222431 21167.76619571 27622.40551001 0.00276960  55.195700 330.684400 166.815200  29.206200
22275 2022-03-28T19:57:32.579712Z 21498.38368723 21158.59517061 27706.62572892 0.00613190  54.823800  58.656600 181.248600   4.642300
22446 2022-03-29T15:00:42.513984Z 21413.89255037 21272.93401506 27721.54958271 0.00254240  54.437400  14.450600 298.388800 160.852300
22512 2022-03-29T14:18:55.715616Z 19190.96935869 19068.55185984 25507.89690927 0.00239960  64.208900 213.603400 123.145900 317.576400
22513 2022-03-28T09:16:23.208672Z 19137.68746871 19121.66346136 25507.81176504 0.00031410  64.201900  91.994600 123.101700 312.539300
22514 2022-03-29T15:44:58.576992Z 19159.21112516 19100.57326925 25508.02849720 0.00114940  64.223600 204.800800 123.341600 152.525800
22517 2022-03-28T23:48:49.089312Z 19172.43435820 19036.33222107 25482.51958963 0.00267050  64.217200 225.767700 121.934200 107.132900
22581 2022-03-27T09:27:22.39488Z 21271.35197314 21249.06441214 27638.34449264 0.00040320  55.198500  57.004000 353.206600  99.731700
22657 2022-03-29T12:34:43.191264Z 21499.86216133 21265.51637621 27760.82556877 0.00422080  54.842100  61.069900 335.493200 116.425900
22700 2022-03-29T08:39:08.198784Z 21240.23669982 21185.29769278 27590.90349630 0.00099560  54.809300   2.843700 222.595200  17.971100
22779 2022-03-29T14:08:42.862272Z 21378.37155409 21106.07348463 27620.35881936 0.00492930  54.055500 230.761900 273.618100 308.960100
22877 2022-03-29T08:33:38.450592Z 21321.53159708 21277.90576206 27677.85497957 0.00078810  55.358300  97.739900  31.042900 107.194300
23027 2022-03-29T06:40:48.278784Z 21566.63423749 21401.12828079 27862.01755914 0.00297010  54.488200 185.590400 328.726300 111.356100
23043 2022-03-28T23:17:38.819616Z 19175.93218689 19084.34218012 25508.27348350 0.00179530  64.775800 185.200400 354.920400 304.821800
23044 2022-03-28T05:46:41.41776Z 19262.08003401 18997.33920279 25507.84591840 0.00518940  64.766500 213.553600 354.827300 239.696500
23045 2022-03-28T23:17:48.54912Z 19199.91720601 19059.89336253 25508.04158427 0.00274470  64.756000  36.856800 354.709300  92.641900
23048 2022-03-29T12:11:17.257632Z 19143.53931947 19082.14684473 25490.97938210 0.00120420  64.764400 231.890800 354.086000 301.068400
23203 2022-03-29T12:39:55.22832Z 19157.66793939 19102.16241937 25508.05147938 0.00108800  65.545200  35.456600 252.442400 321.058300
23204 2022-03-28T07:18:22.923936Z 19153.59648587 19106.26371786 25508.06640186 0.00092780  65.533400 330.837100 252.361900  29.090500
23205 2022-03-29T14:33:10.850976Z 19134.23804408 19125.66732618 25508.08898513 0.00016800  65.539400 329.682800 252.384100  36.223400
23208 2022-03-29T03:48:20.030688Z 19183.31294982 19024.34117320 25481.96336151 0.00311930  65.537300 206.901700 251.230600 161.978400
23359 2022-03-30T07:01:05.378304Z 5038.62066526 532.34792499 9163.62059512 0.24587840  56.941800 200.907600  45.704700 147.109100
23396 2022-03-29T09:14:03.332256Z 19233.01759808 19026.62251999 25507.95635903 0.00404570  64.143300 200.446400 122.335300 162.759600
23397 2022-03-29T08:38:38.586912Z 19157.30108120 19102.80538508 25508.18953314 0.00106820  64.132000 261.095800 122.211800 225.949100
23398 2022-03-28T04:32:51.42624Z 19139.95951646 19119.84897730 25508.04054688 0.00039420  64.122800   7.636600 122.105900  73.638100
23401 2022-03-28T22:13:28.308576Z 19124.33848351 19063.19572658 25471.90340505 0.00120020  64.144700 296.160000 120.522100  29.559300
23439 2022-03-29T22:20:00.653568Z 2162.75259705 1882.00238583 8400.51379144 0.01671030  64.813600 286.225900 274.238500  72.033600
23440 2022-03-29T21:22:41.575872Z 2183.43676749 1865.69695024 8402.70315887 0.01890700  64.831600 267.766900 296.127500 103.524200
23482 2022-03-29T23:01:54.058944Z 2466.41642823 1552.94777543 8387.81840183 0.05445210  64.711100  79.202600 241.968700   6.005500
23483 2022-03-30T12:08:09.625344Z 2199.09887809 1892.60553467 8423.98850638 0.01819170  64.732600  64.589700  13.158600 105.787600
23484 2022-03-30T11:04:04.813248Z 2244.58447727 1857.12236360 8428.98972044 0.02298390  64.730500  25.725000 111.642600  80.848100
23485 2022-03-29T18:54:25.119072Z 2131.21722088 1895.93045207 8391.71013648 0.01401900  64.642800  61.718500 171.219300 299.780500
23486 2022-03-30T09:06:46.656288Z 2175.49371575 1891.24703527 8411.50667551 0.01689630  64.914500 182.143400  74.559200 328.780200
23487 2022-03-30T05:32:27.391776Z 2144.03441047 1872.91044618 8386.60872832 0.01616410  64.936200 127.869000 253.191300  45.888100
23488 2022-03-30T00:53:32.332128Z 2196.97172376 1836.79022365 8395.01727371 0.02145210  64.999600  63.570400  41.615800  19.365800
23489 2022-03-29T22:25:42.86064Z 2168.73197578 1864.93151419 8394.96804499 0.01809420  64.943000 139.916400 352.128800 295.541800
23490 2022-03-29T18:23:31.236Z 2178.10778553 1937.35819897 8435.86929225 0.01426940  64.825600 283.151800 158.318500 167.016400
23492 2022-03-30T08:59:50.56512Z 2142.87122699 1866.60686368 8382.87534533 0.01647790  64.948000 109.356400 235.302800 279.033700
23493 2022-03-29T18:23:22.690176Z 2116.06781159 1887.37644714 8379.85842937 0.01364530  64.939400 123.721700 217.534800  26.752400
23495 2022-03-29T20:31:06.423744Z 2155.93104678 1854.38726259 8383.29545468 0.01798480  65.021000   8.987900 282.174700   5.690200
23496 2022-03-30T10:02:39.722784Z 2092.83490168 1901.97805813 8375.54277990 0.01139370  64.844900 231.367500 200.664600 195.888200
23511 2022-03-28T15:49:54.14016Z 19140.09895692 19119.20297759 25507.78726725 0.00040960  64.791900 118.595000 355.334800 141.988100
23512 2022-03-29T10:42:26.819136Z 19145.55820528 19114.61672985 25508.22376757 0.00060650  64.780900 315.284500 355.215200 264.519700
23513 2022-03-29T19:18:17.631936Z 19217.44315814 19050.28343439 25511.99959627 0.00327610  64.785900 218.048400 355.403500 320.309600
23516 2022-03-28T10:21:44.466624Z 19167.31871762 19059.70826719 25491.64979240 0.00211070  64.781700 242.623900 354.597000 227.881800
23620 2022-03-29T01:25:37.165152Z 19162.90272050 19096.90321969 25508.03927009 0.00129370  65.600100 157.306300 252.956600 100.762200
23621 2022-03-28T09:44:07.501632Z 19154.27266320 19105.56248352 25508.05387336 0.00095480  65.611000 157.421100 253.106400 183.185600
23622 2022-03-29T00:45:35.347968Z 19175.83671440 19084.01279621 25508.06105530 0.00179990  65.602000  87.388000 252.982000 327.439400
23625 2022-03-28T08:05:53.145024Z 19122.01213506 19086.45403682 25482.36938594 0.00069770  65.598000 187.374600 251.895700 191.597300
23734 2022-03-29T12:42:41.753088Z 19175.47836361 19084.17516062 25507.96306212 0.00178970  65.603900 235.019300 252.906100 126.326400
23735 2022-03-29T04:15:02.409408Z 19135.96392858 19123.73540011 25507.98596435 0.00023970  65.600700 203.329300 252.864600 156.635100
23736 2022-03-29T12:44:42.695808Z 19149.37453794 19110.17907866 25507.91310830 0.00076830  65.591500 183.918800 252.766500 357.786500
23739 2022-03-28T18:04:41.325312Z 19133.93013778 19082.44776078 25486.32524928 0.00101000  65.596000 192.208700 251.940300 163.733800
23820 2022-03-30T00:34:03.929376Z 5801.16606026 971.60441435 9764.52153730 0.24730150  86.921600  85.845900  80.880800 301.847400
23833 2022-03-30T07:05:39.777792Z 20744.86279712 20696.12861732 27098.63200722 0.00089920  54.133800 343.925900 325.506100 185.043300
23841 2022-03-29T16:38:34.099872Z 5357.99136487 1568.42598837 9841.34497662 0.19253290  89.097300 115.809600 178.336000 265.366400
23953 2022-03-29T05:54:58.102848Z 21435.02859025 21133.95408357 27662.62763691 0.00544190  54.695500  84.364900 100.516900 277.877800
24320 2022-03-29T03:36:45.213984Z 21568.57741299 21434.00898269 27879.42949784 0.00241340  54.775200 187.175100 290.505900 170.037500
24679 2022-03-29T20:05:17.157696Z 2147.26517809 1851.09849901 8377.31813855 0.01767670  64.984500  56.045000 219.509100  22.915300
24703 2022-03-30T02:30:00.714816Z 2222.87325443 1890.25754075 8434.70169759 0.01971710  64.731200  66.367300  90.680500 359.672200
24820 2022-03-30T12:17:28.362048Z 35952.79757248 33176.98319249 40943.02668249 0.03389850  13.416800  87.568100 358.479100  84.095900
24827 2022-03-29T22:27:16.081056Z 3012.30305222 1230.47759047 8499.52662134 0.10481910  63.307400  49.819700 267.754200  92.564000
24829 2022-03-29T20:44:40.856928Z 3002.05042589 1247.83927528 8503.08115059 0.10315150  63.336600  29.570900 305.258900  42.683100
24833 2022-03-30T01:07:08.234976Z 3009.45096518 1245.70595276 8505.71475897 0.10368000  63.338700  31.806400 325.204800 104.346200
24843 2022-03-29T20:56:54.601152Z 2971.68639298 1250.96421231 8489.46160265 0.10134460  63.337700  28.872000 239.422700 116.517100
24876 2022-03-29T14:08:59.879616Z 20331.94676606 20032.51052375 26560.36494491 0.00563690  55.497500  52.361700 158.789000 308.209700
24959 2022-03-27T14:52:48.925344Z 5378.88705413 1514.89779277 9825.02872345 0.19664010  87.158700 330.464000 315.904200  37.146600
25030 2022-03-28T10:55:24.797568Z 21360.62960418 21258.86002835 27687.88111627 0.00183780  55.711700 246.601100 225.329600 109.870900
25270 2022-03-27T20:14:57.518592Z 4709.05680218 719.96066870 9092.64503544 0.21935840 120.601900 313.964900  48.490300  29.961200
25593 2022-03-30T07:03:11.173248Z 19200.28351851 19059.33680952 25507.94646402 0.00276280  63.497200  53.312500 114.632800  29.800400
25594 2022-03-29T08:34:08.4288Z 19191.05546341 19068.42888843 25507.87847592 0.00240370  63.491300  43.442500 114.604400 105.168700
25595 2022-03-29T13:47:42.624096Z 19139.31935394 19120.17313730 25507.88254562 0.00037530  63.503000  52.879700 114.707700 312.027500
25598 2022-03-29T15:37:20.021952Z 19137.15594309 19073.92075282 25483.67464796 0.00124070  63.512100 261.198300 113.719800 101.560500
25619 2022-03-29T21:25:02.894304Z 4074.87427380 285.82675695 8558.48681537 0.22136200  22.453100  94.845200 354.022800 290.618800
25725 2022-03-29T15:54:22.750848Z 5145.55380651 707.55202048 9304.68921350 0.23848200  28.322000 320.457400 209.734100  24.378500
25727 2022-03-29T17:26:01.483584Z 2528.91476485 2455.83064117 8870.50900301 0.00411950  19.825000  52.692100 228.495700 307.715200
25770 2022-03-29T21:38:57.509664Z 2048.66518298 2046.27905068 8425.60841683 0.00014160  51.986000 347.447000   1.850200  88.643500
25771 2022-03-29T22:48:34.436448Z 2102.07285168 2098.24066322 8478.29305745 0.00022600  51.990400 203.661200 337.431100 156.408000
25772 2022-03-29T22:33:08.262144Z 2014.52979733 1987.29788438 8379.05014085 0.00162500  51.982000  45.053500  86.703000 315.158600
25773 2022-03-29T19:50:21.872256Z 2087.13974494 2083.26522845 8463.33878669 0.00022890  51.984300  23.918500 102.916600 146.714200
25793 2022-03-29T13:53:25.217376Z 3513.85231292 3354.90332174 9812.51411733 0.00809930  91.145200 326.941200 152.074600  32.641500
25826 2022-03-29T21:05:04.295616Z 5383.90769106 1769.68565395 9954.93297250 0.18152920  88.424100  35.042900  47.155600 335.737300
25851 2022-03-29T22:07:49.213632Z 2150.71335985 2126.99524442 8516.99060213 0.00139240  51.992500 235.711300 155.859100 293.980500
25852 2022-03-29T21:55:50.637792Z 2069.78130837 2060.17979588 8443.11685213 0.00056860  51.996100 344.662200  62.161600  15.400500
25873 2022-03-29T20:10:39.509184Z 2128.70822095 2125.57317585 8505.27699840 0.00018430  52.000100  93.217500 286.373500   4.382700
25874 2022-03-30T01:14:07.57824Z 2043.28778574 2020.36055151 8409.96046863 0.00136310  51.940500 105.423900 306.107100  65.203600
25883 2022-03-29T22:11:11.522688Z 2110.80514852 2109.27727657 8488.17751254 0.00009000  51.999300 333.577300 152.364900 195.716400
25884 2022-03-29T17:36:49.453344Z 2157.72757320 2121.60867531 8517.80442426 0.00212020  52.019800 250.384800 197.509100 109.465600
25886 2022-03-29T20:12:42.108192Z 2024.57499044 2019.46265603 8400.15512323 0.00030430  52.000900 243.717600  43.657000 154.307900
25933 2022-03-29T16:32:26.092032Z 20564.02177571 19800.85152107 26560.57294839 0.01436660  52.407800 129.106500   2.070300 232.007300
26360 2022-03-29T22:44:40.375392Z 20311.79444326 20049.89632488 26558.98168407 0.00493050  53.996100 183.353800  82.149300 160.579500
26376 2022-03-28T15:41:15.998496Z 20861.38906072 18857.10991299 26237.38578685 0.03819510  63.715400 225.084300 305.635600 131.800600
26390 2022-03-28T04:07:59.795904Z 24779.18923612 24773.78079386 31154.62131499 0.00008680  59.364600 298.789400 190.779200  98.740900
26407 2022-03-29T21:15:55.887264Z 20630.96268185 19733.80149178 26560.51838681 0.01688900  55.519500 286.345200 276.415500 214.696400
26483 2022-03-25T10:09:16.136352Z 24421.93446698 23329.21876244 30253.71291471 0.01805920  65.832300 252.341700  72.142100 290.629300
26564 2022-03-28T18:26:26.369664Z 19147.46138304 19112.38270121 25508.05834212 0.00068760  65.747000   9.298100   5.914600 350.728500
26565 2022-03-29T01:49:57.428832Z 19141.16453961 19118.54915288 25507.99314624 0.00044330  65.751000  27.799600   5.929400 267.876200
26566 2022-03-29T06:36:54.12528Z 19311.17286040 18949.01212962 25508.22879501 0.00709890  65.729300 215.722000   5.686100  59.967500
26569 2022-03-28T07:25:32.486592Z 19135.04643311 19072.15750306 25481.73826809 0.00123400  65.742200   6.580500   5.057900 138.968400
26605 2022-03-29T19:44:21.718176Z 20537.34771943 19827.07619836 26560.34825889 0.01337090  55.079900 253.541700 155.806800 133.531800
26626 2022-03-29T06:00:04.142016Z 24685.13547671 24620.38640652 31030.89724161 0.00104330  61.171400 337.452400 309.491100  22.555900
26671 2022-03-29T13:50:33.91728Z 5815.06216493 1154.81460864 9863.07468679 0.23624720  87.524900 309.271100 306.279800  32.086100
26672 2022-03-30T06:28:42.61296Z 3498.14851101 623.72726631 8439.07418866 0.17030430 120.544000 153.633200 217.184000 216.236600
26690 2022-03-29T03:26:53.577024Z 21015.92601503 20993.51041032 27382.85451268 0.00040930  53.896700 293.332400  89.639100 245.040000
26795 2022-03-11T04:28:03.698688Z 3132.99612867 3017.36316799 9453.31594833 0.00611600  45.817300 349.935200  98.166000  10.007200
26813 2022-03-30T05:39:13.737024Z 4269.85905259 592.22161075 8809.17663167 0.20873900  65.597900 354.179500  20.788300   3.791100
26857 2022-03-29T05:17:17.165184Z 10628.67398504 10573.19317630 16979.06988067 0.00163380  44.812800  39.386000 239.922900 320.731700
26858 2022-03-27T08:01:59.517696Z 10112.58094297 9807.96114112 16338.40734205 0.00932220  45.027700  43.694900  29.528900 147.717800
26987 2022-03-28T16:23:00.517632Z 19145.18102770 19114.07685877 25507.76524323 0.00060970  63.216100 210.593200 112.538400 310.139600
26988 2022-03-29T18:14:42.772992Z 19241.37026959 19018.06939544 25507.85613251 0.00437710  63.219900 222.709700 112.521900 136.576300
26989 2022-03-29T06:46:41.820672Z 19139.71607458 19119.87600480 25507.93233969 0.00038890  63.212700  23.633100 112.501200 160.368400
26992 2022-03-29T14:55:42.788928Z 19132.50532240 19048.58601531 25468.68196885 0.00164750  63.235700 269.462700 111.149600  92.213800
27478 2022-03-30T09:44:43.539072Z 3919.13791009 3347.66920353 10011.53985681 0.02854050  95.857600  33.850900 254.557600 351.680300
27481 2022-03-19T01:11:05.104896Z 3787.76231607 665.95455497 8604.99473552 0.18139510 120.654400 185.024900 195.207900 172.978500
27617 2022-03-28T03:04:22.817568Z 19135.98389660 19123.77576008 25508.01612834 0.00023930  65.938300   3.135100   7.371000 356.877900
27618 2022-03-29T17:38:51.819072Z 19147.40281741 19112.73716506 25508.20629124 0.00067950  65.940800 119.353800   7.308200  91.134400
27619 2022-03-29T08:04:53.124672Z 19156.69774906 19102.90151218 25507.93593062 0.00105450  65.951100 264.503700   7.441000   9.277100
27620 2022-03-28T07:52:25.788Z 19109.33814297 19095.33407534 25480.47240915 0.00027480  65.933700 245.280700   6.525000  54.743000
27663 2022-03-29T11:52:21.381888Z 20517.40410295 19846.02944887 26559.85307591 0.01263890  55.568100  40.473900 276.233200 319.257300
27704 2022-03-29T16:05:22.93584Z 20837.06547815 19525.07778912 26559.20793364 0.02469930  54.995700 303.615100  26.536500  42.689900
27740 2022-03-29T16:34:19.02288Z 4459.88033890 274.24880055 8745.20086972 0.23931020   6.743400 112.030500 280.484800  66.275800
27998 2022-03-30T11:32:48.70752Z 4547.61409627 628.14530618 8966.01600123 0.21857360  65.099300 169.820100 153.764600 195.571500
28112 2022-03-29T08:32:03.566112Z 19237.03836856 19024.91987020 25509.11541938 0.00415770  63.444000  73.622400 116.678000 281.204200
28113 2022-03-29T08:34:05.431584Z 19231.51146996 19027.76556782 25507.77481889 0.00399380  63.461300  74.308500 116.765500  18.257700
28114 2022-03-29T08:34:43.026816Z 19261.35940000 18997.94556680 25507.78878340 0.00516340  63.465500  58.997200 116.811400 302.882300
28115 2022-03-29T06:46:00.81264Z 19289.15257143 18966.47678560 25505.95097851 0.00632550  63.426700  78.000100 116.463500 285.069600
28129 2022-03-29T06:39:42.42816Z 20373.19723919 19989.31838048 26559.39410984 0.00722680  53.809000 312.345500  84.788700  47.065200
28190 2022-03-29T18:53:23.0856Z 20418.50278793 19946.23048522 26560.50293658 0.00889050  56.048600 116.780400 337.184300 251.772000
28193 2022-03-29T15:52:28.445376Z 4227.38761986 184.08214150 8583.87118068 0.23551760  38.794200 216.913400 196.244200 124.401500
28265 2022-03-26T06:15:39.728736Z 4226.29984992 627.93880255 8805.25562623 0.20433030  40.855200 205.572100 291.654800 142.824500
28361 2022-03-28T15:07:42.57264Z 20563.92885206 19801.41060822 26560.80603014 0.01435420  54.151700 256.783800 149.159700 169.882000
28474 2022-03-29T14:27:34.386048Z 20734.57048953 19628.99266006 26559.91787480 0.02081290  55.324200 277.982800  26.648300 225.610600
28508 2022-03-28T17:19:34.307904Z 19150.14790855 19109.23845163 25507.82948009 0.00080190  63.377600 193.728600 115.009500 158.645000
28509 2022-03-28T17:06:45.468864Z 19140.97061066 19118.75824362 25508.00072714 0.00043540  63.373300 201.144800 114.960500 145.911900
28510 2022-03-29T08:34:18.288768Z 19149.84385497 19109.67911912 25507.89778705 0.00078730  63.383600 237.064100 115.050300 272.721500
28512 2022-03-29T14:29:42.624384Z 19171.93881294 19053.87449838 25491.04295566 0.00231580  63.383200 229.638200 114.469700 134.195100
28608 2022-03-27T14:00:25.652736Z 5862.75719946 5831.70232459 12225.36606203 0.00127010 120.849600  45.744900  72.393200 154.035900
28667 2022-03-22T01:42:35.117856Z 3563.70757775 614.31549089 8467.14783432 0.17416680 120.522900 211.808500 213.313700 136.493400
28874 2022-03-29T12:13:42.623904Z 20548.26233496 19818.30668060 26561.42080778 0.01374090  56.118100 274.517700 334.625900 273.089600
28915 2022-03-29T10:44:48.719904Z 19171.15118001 19087.73629177 25507.58003589 0.00163510  66.071900 340.137000   7.515900 234.971200
28916 2022-03-29T05:52:31.775808Z 19161.91431370 19097.30319548 25507.74505459 0.00126650  66.091100 296.349500   7.658700 143.013900
28917 2022-03-29T04:04:53.68512Z 19174.50193328 19084.95911757 25507.86682542 0.00175520  66.074200 101.610700   7.551200   5.066800
28918 2022-03-28T13:40:07.106016Z 19118.66419882 19076.56806550 25475.75243216 0.00082620  66.070300 217.302500   6.768900 223.412000
28922 2022-03-27T10:29:39.716736Z 23425.27462094 23285.54479483 29733.54600788 0.00234970  58.472300 128.546700  34.005500  49.158100
28923 2022-03-28T10:47:42.6336Z 23476.44385100 23394.70657951 29813.71151525 0.00137080  58.487300 240.729800  35.896200 117.375700
28979 2022-03-27T18:35:23.82432Z 2868.79044714 1506.84012218 8565.95158466 0.07949790 102.019500 319.576900 214.307200  34.866700
29486 2022-03-29T22:25:59.528928Z 20457.64257178 19907.59588554 26560.75552866 0.01035450  54.725500  20.850800 212.434500  33.724600
29601 2022-03-29T07:20:23.58672Z 20407.05812129 19955.37910787 26559.35491458 0.00850320  55.572600  72.013800 275.175300 288.911500
29670 2022-03-29T13:32:50.697888Z 19191.16884565 19067.23379362 25507.33761964 0.00242940  64.780100 347.622900 245.823300  22.463300
29671 2022-03-30T01:05:48.287328Z 19193.11461157 19088.80785232 25519.09753195 0.00204370  64.788300 175.811600 245.969200 259.737800
29672 2022-03-28T23:45:59.373792Z 19177.32135173 19079.25425234 25506.42410204 0.00192240  64.784200 167.864300 245.856000 192.151000
29673 2022-03-29T12:33:28.814688Z 19164.41266962 19047.09503292 25483.89015127 0.00230180  64.787600 192.296000 245.291600 163.645200
30239 2022-03-29T08:59:36.74976Z 3322.38429432 846.74029782 8462.69859607 0.14626800  99.577700 177.132700 328.342700 183.932000
31115 2022-03-28T20:26:24.085824Z 22460.53664551 22443.80930007 28830.30927279 0.00029010  51.801200 353.718200 270.463100   6.262300
32260 2022-03-29T02:50:23.005248Z 20548.31913626 19817.98464393 26561.28819009 0.01374810  53.290500  61.559400 143.872000 299.893800
32275 2022-03-29T20:54:03.795264Z 19138.29556654 19121.13388437 25507.85102546 0.00033640  66.083400 284.300900   7.310200 123.356100
32276 2022-03-29T14:29:50.284608Z 19159.88703913 19099.64247841 25507.90105877 0.00118090  66.097200 330.058000   7.418600 181.428200
32277 2022-03-29T06:57:23.719968Z 19156.79111269 19085.99931330 25499.53151299 0.00138810  66.097200 176.548100   7.282700 345.877400
32278 2022-03-29T12:32:56.81904Z 19146.98194668 19066.28187966 25484.76821317 0.00158330  66.085200 201.752000   6.839900  10.593400
32375 2022-03-29T17:40:40.029888Z 35638.18399674 33681.77392785 41038.11526229 0.02383650   9.319100 178.428000  36.281700   6.067000
32384 2022-03-29T06:32:29.7672Z 20230.61861314 20134.92497346 26560.90809330 0.00180140  56.234800 132.446900 335.386100 109.651900
32393 2022-03-30T01:10:38.186976Z 19142.31055065 19117.28216712 25507.93265888 0.00049060  64.399700  78.212500 244.135300 355.408500
32394 2022-03-27T23:19:26.324544Z 19189.25207639 19068.41535663 25506.97001651 0.00236870  64.404200   1.124700 244.202100 358.852300
32395 2022-03-29T17:59:20.835744Z 19171.23027339 19088.38047882 25507.94167611 0.00162400  64.408200   8.200800 244.201800 331.571900
32396 2022-03-28T14:07:12.594144Z 19185.34000455 19028.07812079 25484.84536267 0.00308540  64.402600 186.962100 243.650400  19.663300
32479 2022-03-28T10:24:20.4696Z 35560.14982500 33982.90785008 41149.66513754 0.01916470   9.221100 201.517500  37.974800 175.479800
32573 2022-03-27T17:43:35.702688Z 4713.31140795 630.54938837 9050.06669816 0.22556530  27.977900 233.892000 272.473500 103.128900
32711 2022-03-29T12:48:46.323072Z 20606.34899098 19758.25820872 26560.43989985 0.01596530  54.484000 229.779400 211.404400 128.779900
32781 2022-03-28T13:09:53.362656Z 23838.04887669 23809.70126881 30202.01137275 0.00046930  58.553500 259.587000  74.900000 100.359600
32782 2022-03-27T13:47:45.567744Z 23612.01547120 23423.53371139 29895.91089130 0.00315230  57.632100 243.498800  70.712000 292.579300
33106 2022-03-29T16:51:13.002912Z 4358.07193933 2162.87473861 9638.60963897 0.11387520  65.238300  96.330900  66.125300  63.551400
33378 2022-03-25T08:33:22.830336Z 19176.19006227 19082.43488356 25507.44877292 0.00183780  65.992000 314.842400   6.584000 336.609400
33379 2022-03-28T05:32:07.361664Z 19160.01873165 19100.15093664 25508.22113414 0.00117350  66.001100 177.393100   6.583100 283.628500
33380 2022-03-26T16:02:37.061664Z 19180.92266095 19077.19000994 25507.19263545 0.00203340  66.009100 300.338100   6.676800 141.754400
33383 2022-03-25T18:08:41.818848Z 19161.70131330 19071.10391981 25494.53891656 0.00177680  65.995500 204.044700   6.344400   1.615000
33466 2022-03-29T08:57:03.42864Z 19155.53990732 19103.35139465 25507.58195098 0.00102300  64.114400 255.962600 122.616900 189.503800
33467 2022-03-28T08:00:25.084224Z 19208.83050641 19051.58686459 25508.34498550 0.00308220  64.102200 236.649000 122.580200 123.127900
33468 2022-03-29T14:42:35.586432Z 19145.58707918 19111.96896610 25506.91432264 0.00065900  64.109200 277.703900 122.552300  82.296200
33471 2022-03-29T14:34:42.813408Z 19130.51177409 19105.98934921 25496.38686165 0.00048090  64.109400 328.584700 122.305300 218.271500
34239 2022-03-29T11:02:03.95952Z 4848.74289869 698.86959643 9151.94254756 0.22672090  50.470100 144.502700 182.583700 233.023100
34382 2022-03-29T19:12:23.9976Z 7346.00512424 2259.65950972 11180.96861698 0.22745550  28.570200 280.430000 359.687400  81.734900
34661 2022-03-29T22:30:24.7536Z 20505.82334544 19859.43524180 26560.76559362 0.01216810  55.111700  55.631900 272.503500 305.096700
35546 2022-03-29T23:34:59.71152Z 5343.17312524 659.17093210 9379.30832867 0.24969870  51.227100  62.821200 137.793300 320.478500
35752 2022-03-29T12:17:38.342976Z 20333.61393697 20031.19561628 26560.54107662 0.00569300  55.011800  56.445500  88.744600 306.139700
36111 2022-03-29T22:49:13.732896Z 19143.96852173 19116.25126142 25508.24619158 0.00054330  64.332400 300.303700 123.784400 224.654900
36112 2022-03-29T16:24:42.879168Z 19142.04277684 19117.83051400 25508.07294542 0.00047460  64.315200 189.247500 123.670900 257.521700
36113 2022-03-29T14:29:42.624384Z 19147.50523594 19115.37847322 25509.57815458 0.00062970  64.320700 298.780500 123.703600  61.705200
36118 2022-03-30T09:31:04.130976Z 19189.09013992 19030.75830794 25488.06052393 0.00310600  64.324200 201.729600 123.262200 151.538400
36359 2022-03-29T14:03:52.130592Z 35641.70602405 33881.47694718 41139.72778562 0.02139330   8.253600 216.128500  48.577600  19.953200
36400 2022-03-29T07:32:18.718656Z 19197.40039640 19060.33086941 25507.00193291 0.00268690  65.975400 347.534500   6.215000 217.758100
36401 2022-03-30T06:06:22.133376Z 19185.80761310 19073.67498318 25507.87759814 0.00219800  65.970900   4.394800   6.147200 195.004200
36402 2022-03-29T15:18:46.113408Z 19135.05009703 19124.01547938 25507.66908820 0.00021630  65.957300 345.844100   6.118700  48.347900
36403 2022-03-28T03:51:46.04112Z 19157.09573959 19068.76409693 25491.06621826 0.00173260  65.960800 191.098700   5.883100 258.187700
36517 2022-03-29T17:43:03.206784Z 33493.58061052 28376.68514319 37313.26917685 0.06856670   6.594700 162.305400  33.351800  29.004100
36585 2022-03-29T22:42:30.532608Z 20457.78701517 19907.06438631 26560.56200074 0.01036730  54.853600  56.243500 270.724200  15.308000
36586 2022-03-30T00:25:19.896096Z 21677.54130233 20457.22029731 27445.51709982 0.02223170  54.746000 121.382600 287.253700 242.097100
36882 2022-03-30T06:34:11.277696Z 5200.78797935 866.16290022 9411.61173978 0.23028070  64.739600 290.848800 210.170600  46.178800
37137 2022-03-26T13:34:44.190336Z 19171.29541971 19086.79522843 25507.18162407 0.00165640  63.976900 164.146800 243.233700  54.081400
37138 2022-03-28T12:05:01.814208Z 19227.63678036 19032.78362310 25508.34650173 0.00381940  63.993000 174.014500 243.291200 167.912800
37139 2022-03-29T19:44:00.811104Z 19206.47086564 19053.49866361 25508.12106462 0.00299850  63.999300  14.220700 243.258200 104.212500
37140 2022-03-28T09:42:49.295808Z 19191.68346506 19011.96819616 25479.96213061 0.00352660  63.993500 189.883600 242.730000 145.124200
37233 2022-03-29T08:41:01.23072Z 35709.19955107 33816.29113043 41140.88164075 0.02300520   5.669500   3.497600 114.166500 356.906000
37372 2022-03-29T04:33:01.24992Z 19173.59750582 19092.56367649 25511.21689116 0.00158820  65.950800 233.088000   6.064000 281.281900
37373 2022-03-25T09:36:13.017888Z 19683.98712756 19310.13194802 25875.19583779 0.00722420  66.066200  98.144300  12.653400  99.255800
37751 2022-03-29T15:16:11.014176Z 35671.30308918 29576.22640072 39001.90104495 0.07813820   6.988900  19.785000  48.464300 175.105000
37753 2022-03-29T16:17:47.711616Z 20486.64265247 19877.56849784 26560.24187515 0.01146590  56.571600  50.193700  31.809800 273.425300
37754 2022-03-28T16:14:42.729216Z 22162.75149232 20115.70714653 27517.36561942 0.03719550  56.408700 102.925800  47.776000  76.418800
37756 2022-03-30T08:46:44.141952Z 3615.38012658 425.82754052 8398.74013355 0.18988280  51.450100 239.285400 134.438300 100.740500
37784 2022-03-27T18:20:36.757248Z 5148.51200317 2489.54607616 10197.16533966 0.13037770  55.948500 162.679800 231.811400 346.028900
37807 2022-03-29T15:28:02.061984Z 35705.45142151 33701.34624421 41081.53513286 0.02439180   7.119400  42.997300  55.293400 157.597800
37829 2022-03-29T16:28:11.960256Z 19157.42909469 19102.37764348 25508.03966909 0.00107910  64.641900 244.895500 125.091600 295.213000
37830 2022-03-29T15:25:36.509952Z 19601.89442439 19231.70100834 25794.93401637 0.00717570  64.567100 109.241500 129.725600  64.787200
37846 2022-03-29T11:25:00.525792Z 23234.44639424 23209.69470127 29600.20684776 0.00041810  56.968400 359.869900  23.510300   0.109600
37847 2022-03-29T01:48:19.128096Z 23237.29505723 23206.77727942 29600.17246833 0.00051550  56.969100 336.045400  23.520800 184.714200
37848 2022-03-28T09:56:50.295264Z 23649.66292463 23602.96999524 30004.45275993 0.00077810  57.087100 322.661700  28.103700 215.477100
37867 2022-03-30T07:43:36.602688Z 19188.13222505 19071.66254325 25508.03368415 0.00228300  64.622000 239.563200 125.097100 114.917700
37868 2022-03-30T13:22:42.586176Z 19181.44350648 19078.38078753 25508.04844701 0.00202020  64.629900 240.788500 125.153200 112.503900
37869 2022-03-29T23:12:42.83136Z 19192.43774115 19067.35654835 25508.03344475 0.00245180  64.636900 257.428300 125.180000 320.959600
37870 2022-03-29T18:14:42.772992Z 18836.83063528 17525.77412034 24559.43867781 0.02669150  64.876600 309.717800 107.316100  46.272600
37938 2022-03-24T01:04:42.82464Z 19174.11153712 19099.52622014 25514.95517863 0.00146160  65.992800 225.310100   6.581400 133.109300
37939 2022-03-28T18:38:27.452832Z 19654.47605467 19266.59111013 25838.66988240 0.00750590  66.048800  94.339600  11.600100 346.203300
38250 2022-03-29T19:29:31.856928Z 21589.28326686 21466.13477147 27905.84531916 0.00220650  56.714100 257.803900 356.190900 196.821600
38251 2022-03-30T11:02:48.541056Z 21564.39968552 21491.05191757 27905.86210154 0.00131420  56.632300 265.005500 355.499100 308.402600
38698 2022-03-28T22:37:57.70128Z 35459.34872582 33875.74067965 41045.68100274 0.01929080   0.475600 263.123100 336.864400 118.070600
38703 2022-03-28T13:29:28.324896Z 35464.70199114 33339.79120381 40780.38289748 0.02605310   0.900400 198.988700 280.620400 242.977200
38745 2022-03-30T11:36:28.942848Z 3858.63625178 263.47333291 8439.19109235 0.21300400  49.863800  33.593800 218.763200 338.329300
38746 2022-03-29T05:52:01.157376Z 4462.84315187 309.79253329 8764.45414258 0.23692580  49.675100   0.039100  70.036400   0.025600
38774 2022-03-29T01:43:32.378592Z 21633.07282610 21418.86973467 27904.10758039 0.00383820  55.246500 234.048200 114.532700 125.663200
38775 2022-03-29T11:17:15.321408Z 21569.44747548 21486.58852213 27906.15429881 0.00148460  55.352800 318.047000 114.376300 148.220500
38833 2022-03-29T05:09:16.161696Z 20507.47710745 19857.44368810 26560.59669777 0.01223680  53.537300  45.821200 206.636300 315.146600
38834 2022-03-30T00:56:21.200928Z 21920.19177798 20502.75892560 27589.61165179 0.02568780  52.955800 100.379400 221.465700  80.611000
38857 2022-03-29T12:22:55.920864Z 23236.66111434 23207.79483910 29600.36427672 0.00048760  55.112400 261.716300 143.895800  98.310300
38858 2022-03-30T01:44:46.909824Z 23229.50992249 23214.88143843 29600.33198046 0.00024710  55.112700 255.988300 143.881800 104.069000
38859 2022-03-28T23:50:22.958592Z 23679.78848740 23653.19298354 30044.62703547 0.00044260  55.073700 313.983100 148.496800  46.056100
38884 2022-03-30T06:48:09.49248Z 4083.75407927 263.86918054 8551.94792991 0.22333420  50.010000 186.473600  47.841900 170.186700
38980 2022-03-29T04:15:50.284512Z 35642.51155057 29710.12432971 39054.45424014 0.07595020   6.432000  84.551000  53.016400 284.146600
39155 2022-03-30T09:20:23.701344Z 19189.09156707 19070.70368002 25508.03392354 0.00232060  64.786300 235.611000 125.506100 214.833800
39156 2022-03-28T04:25:08.571072Z 19671.33358315 19370.72198562 25899.16408439 0.00580350  64.693600 100.260700 130.877300 260.470700
39166 2022-03-29T01:47:06.484704Z 20455.33915078 19908.59937774 26560.10556426 0.01029250  55.749000  36.727400 331.046900 324.021300
39167 2022-03-29T06:15:47.176416Z 21414.60580831 20568.34292049 27369.61066440 0.01545990  56.406700 349.047300 343.245100  10.660900
39188 2022-03-29T02:18:54.706464Z 8070.08384505 8061.66876331 14444.01260418 0.00029130   0.035700   0.328500  19.531500 340.146800
39189 2022-03-29T08:41:20.47632Z 8068.99388061 8062.75695635 14444.01171848 0.00021590   0.062300 312.024700   9.820700  38.134900
39190 2022-03-29T14:44:49.397568Z 8072.08422636 8059.67970347 14444.01826492 0.00042940   0.067600 265.152300   9.688800  85.105500
39191 2022-03-30T06:40:34.346784Z 8081.78026858 8074.46540145 14456.25913501 0.00025300   0.043700 354.593800  13.596700 351.809400
39192 2022-03-29T16:30:55.11456Z 7692.15989906 7662.91847178 14055.67548542 0.00104020   0.140200  24.666200 311.697900  23.583900
39376 2022-03-29T02:28:32.664576Z 35705.93048716 33729.67606800 41095.93957758 0.02404440   6.101100  68.333200  66.401000 294.347500
39533 2022-03-29T13:36:38.406816Z 20335.50176386 20031.45098358 26561.61267372 0.00572350  53.633500 205.643800 212.119300 154.036000
39534 2022-03-29T15:32:00.357504Z 21705.85486168 20454.98043653 27458.55394911 0.02277750  53.149900  85.683000 223.249100 276.865300
39620 2022-03-29T04:58:02.578656Z 19167.91203720 19091.65865623 25507.92164671 0.00149470  65.844100 325.707600   5.826200 332.364600
39621 2022-03-29T09:49:27.17904Z 19648.72779789 19289.03039284 25847.01539537 0.00695820  65.872200 107.143700   9.852100 253.626400
39741 2022-03-29T20:23:01.594464Z 20258.29364233 20106.48430408 26560.52527321 0.00285780  56.534900 305.471500  31.329100  54.244600
39742 2022-03-28T07:19:46.62912Z 20825.13767476 20749.62297165 27165.51662321 0.00138990  56.367000  99.386200  38.613900 260.751300
40001 2022-03-29T22:22:16.833792Z 19142.32043484 19117.37362714 25507.98333099 0.00048900  65.783900 219.924900   5.668800 133.340300
40002 2022-03-28T01:29:40.623936Z 19660.86573868 19237.88342745 25827.51088307 0.00818860  65.878400  95.626300   9.654500 265.314300
40079 2022-03-29T22:46:59.402496Z 8072.61640463 8059.17190108 14444.03045285 0.00046540   0.055000  17.268700  12.178900 330.574200
40080 2022-03-28T07:06:42.65712Z 8067.84519599 8063.91642334 14444.01710966 0.00013600   0.058700 305.347200  14.664800  39.973600
40081 2022-03-29T12:31:38.978688Z 8069.65597534 8062.12774786 14444.02816160 0.00026060   0.055600 357.673900  11.286200 351.040100
40082 2022-03-29T13:49:23.692224Z 8069.85148966 8061.93038512 14444.02723739 0.00027420   0.058300 357.702400   9.563800 352.733300
40083 2022-03-29T13:11:06.81648Z 7689.61099665 7660.42259767 14053.15309716 0.00103850   0.068000 296.667000 167.312400 256.131600
40105 2022-03-29T10:35:02.02416Z 20232.49442890 20130.38348586 26559.57525738 0.00192230  54.672400 109.843800 149.998400 250.433900
40106 2022-03-28T23:41:25.108224Z 21534.22080122 20621.36604970 27455.92972546 0.01662400  54.865000 347.420900 161.447100  12.224700
40128 2022-03-29T10:29:48.260832Z 26160.24606822 17038.56090617 27977.53978720 0.16301800  50.331400 121.144800 335.470600 255.855600
40129 2022-03-29T16:46:03.657216Z 26151.89901237 17046.79013192 27977.48087214 0.16272210  50.357400 121.961800 334.518300 254.886100
40130 2022-03-28T20:42:11.259648Z 25981.00332106 13609.05737406 26173.16664756 0.23634790  49.716100 152.266600 299.742400 222.625500
40294 2022-03-29T07:35:50.417664Z 20282.72408814 20081.29195361 26560.14432087 0.00379200  55.756100  51.953100  91.099300 308.420900
40295 2022-03-29T13:44:37.912128Z 21354.13017453 20611.41825856 27360.91051655 0.01357250  55.993500 329.183800 101.043100  30.073400
40315 2022-03-29T21:30:16.73712Z 19172.23435775 19087.62919755 25508.06807765 0.00165840  63.707700 205.163700 243.955000 287.995300
40316 2022-03-28T00:30:36.778464Z 19626.52367450 19358.75596749 25870.77612100 0.00517510  63.687800 132.072800 248.245200 228.343600
40346 2022-03-29T03:33:07.04016Z 35399.98374644 30489.75909534 39323.00772089 0.06243450   5.464900 138.993200  70.111700 226.083700
40348 2022-03-29T14:26:49.121088Z 8069.64024073 8062.12646171 14444.01965122 0.00026010   0.046900   0.098800   8.388200 351.512900
40349 2022-03-29T14:46:10.180704Z 8068.58220611 8063.20902624 14444.03191618 0.00018600   0.046900 355.197800  14.164500 350.636700
40350 2022-03-29T15:25:17.510592Z 8069.48316707 8062.31026027 14444.03301367 0.00024830   0.047600 358.881000  13.420400 347.700200
40351 2022-03-29T20:51:56.007072Z 8069.54471799 8062.25625703 14444.03678751 0.00025230   0.046700 353.362100  15.600500 351.037500
40352 2022-03-29T12:48:32.151744Z 7692.99866366 7673.35219891 14061.31173128 0.00069860   0.123200 106.006200  18.566300 235.489200
40534 2022-03-28T22:49:02.068032Z 20364.65051273 20000.88300877 26560.90306075 0.00684780  53.756500  20.324200 268.027400 339.934700
40535 2022-03-29T09:51:55.745568Z 20963.07184908 20785.02243378 27252.18344143 0.00326670  53.405900  38.666300 275.462300 321.562900
40544 2022-03-29T20:14:19.754016Z 23232.58975839 23211.41381960 29600.13808900 0.00035770  56.763600 288.197100  23.544400  71.743800
40545 2022-03-28T22:08:46.957344Z 23230.21414679 23213.83341820 29600.16008250 0.00027670  56.769100 276.971900  23.581800  82.976900
40546 2022-03-27T04:43:18.1848Z 23595.30311055 23503.74243039 29927.65907047 0.00152970  56.831000 206.408000  26.085000 153.494900
40730 2022-03-29T14:42:40.267584Z 20378.89896771 19986.84256680 26561.00706725 0.00738030  55.249100   6.172600 329.892400 353.967200
40731 2022-03-29T03:52:04.687104Z 21686.47491648 20462.19355938 27452.47053793 0.02229820  55.813200 336.518300 339.738700  22.525100
40748 2022-03-30T12:41:57.840288Z 21543.53535446 21512.11324282 27905.96059864 0.00056300  55.887400   9.730100 354.410700 159.381000
40749 2022-03-29T07:18:08.718912Z 21546.47346190 21509.38072244 27906.06339217 0.00066460  55.891200 334.256600 354.442300 228.491500
40751 2022-03-28T04:29:42.8496Z 28013.42257702 21880.24982600 31324.97250151 0.09789590  56.494100  57.199000  18.914100 311.805200
40889 2022-03-29T06:38:07.480608Z 23239.37723046 23205.11182961 29600.38083004 0.00057880  55.678300  29.954100 264.174500 330.049300
40890 2022-03-29T11:56:02.54256Z 23233.75967134 23210.71873904 29600.37550519 0.00038920  55.677100  27.840100 264.164200 332.149500
40891 2022-03-28T22:47:55.440672Z 23602.90049382 23462.21255904 29910.69282643 0.00235180  55.598300 224.380800 266.219000 135.405500
41019 2022-03-29T03:53:42.94896Z 20386.89730631 19977.65974674 26560.41482652 0.00770390  55.745500 218.293800  90.946500 141.188800
41020 2022-03-30T03:40:40.368Z 21629.99530764 20606.84837912 27496.55814338 0.01860500  56.022500 316.940300 100.661800  41.662400
41122 2022-03-29T03:55:54.753024Z 35891.89520239 33317.84280197 40983.00530218 0.03140390   4.941800 115.194200  75.454300 248.330100
41174 2022-03-29T02:03:33.211584Z 23236.02921826 23208.13989017 29600.22085422 0.00047110  55.128400 300.481200 143.610600  59.552200
41175 2022-03-29T07:19:32.816352Z 23233.97160467 23210.19078993 29600.21749730 0.00040170  55.127000 298.750800 143.603100  61.290000
41176 2022-03-26T07:01:47.070624Z 23599.59737865 23528.94527361 29942.40762613 0.00117980  55.107500 230.032800 146.064900 129.930700
41315 2022-03-30T03:50:17.17008Z 21542.00034663 21513.94354540 27906.10824601 0.00050270  55.528100 260.054800 114.866000 172.681900
41316 2022-03-28T17:59:57.542784Z 28082.87989743 20880.22264623 30859.68757183 0.11670010  55.489600  56.040200 135.521100 314.622600
41328 2022-03-29T18:09:29.204064Z 20340.27516832 20022.28459029 26559.41617930 0.00598640  54.892200 229.013000 150.638300 130.538500
41329 2022-03-29T18:05:36.7656Z 21346.85880117 20623.59584653 27363.36362385 0.01321590  55.225700 326.456300 158.765300  32.777700
41330 2022-03-30T10:59:54.940992Z 19152.06625662 19107.56508361 25507.95197011 0.00087230  65.584600 222.952000   5.363500 357.632100
41331 2022-03-25T12:22:54.215328Z 19610.80857058 19250.45109259 25808.76613158 0.00698130  65.588000 110.988200   8.272300 249.772400
41543 2022-03-28T02:04:57.112032Z 35455.42764359 33406.71562503 40809.20793431 0.02510110   4.898100 128.325900  75.903100 234.177400
41544 2022-03-29T14:08:47.558112Z 35544.24825004 33126.40594203 40713.46339604 0.02969340   4.868100 127.822600  77.370300 235.150500
41546 2022-03-30T03:45:56.414016Z 35579.85616932 33630.52520452 40983.32698692 0.02378200   4.916200 114.124200  79.224200 248.630200
41549 2022-03-29T10:11:32.375328Z 23233.22177054 23210.90913846 29600.20175450 0.00037690  55.822000 358.310700 264.090900   1.657300
41550 2022-03-29T17:12:59.254272Z 23227.96951737 23216.12944306 29600.18578022 0.00020000  55.821800 334.955200 264.084200  25.002400
41551 2022-03-28T23:04:29.579808Z 23615.13342767 23504.60829284 29938.00716026 0.00184590  55.769500 226.512500 266.082100 133.308700
41554 2022-03-30T12:57:12.618432Z 19161.16291008 19097.94974621 25507.69262815 0.00123910  63.933100 210.882100 244.186200 333.344000
41555 2022-03-29T06:26:02.900832Z 19798.64124608 19276.80981857 25915.86183233 0.01006780  63.831800 120.742500 247.754200 240.221500
41585 2022-03-29T13:25:43.097376Z 35633.89912882 33869.82526724 41129.99849803 0.02144510   6.129900 233.302800 349.678700 124.647600
41859 2022-03-28T04:55:24.223872Z 23236.82590926 23207.66361384 29600.38106155 0.00049260  54.788300 287.909700 143.836100  72.111500
41860 2022-03-29T05:33:41.41152Z 23232.42044618 23212.06722480 29600.38013549 0.00034380  54.786200 306.248400 143.805300  53.800200
41861 2022-03-29T00:15:16.475904Z 23236.52930246 23207.92942916 29600.36566581 0.00048310  54.788300 268.639800 143.816600  91.384000
41862 2022-03-29T03:47:04.020288Z 23233.74443624 23210.70943357 29600.36323491 0.00038910  54.788200 270.983800 143.807100  89.051600
41863 2022-03-29T16:25:45.65136Z 22905.46456003 22892.16111434 29276.94913718 0.00022720  54.731600 302.279000 141.630300  57.782400
42578 2022-03-29T17:48:22.519584Z 2751.31808445 1256.36085446 8381.97576945 0.08917690 100.615300  26.260400  17.609100 338.092500
42664 2022-03-30T12:00:45.860256Z 3961.17877818 3269.17192620 9993.31165219 0.03462350  95.845900 300.324200 271.812500  56.379200
42665 2022-03-28T07:51:16.757856Z 4414.28925711 2791.49574279 9981.02879995 0.08129390  95.885500 136.046000 323.746600 230.804800
42939 2022-03-30T11:37:42.849408Z 19143.33955489 19116.44898907 25508.03057198 0.00052710  64.167900 240.269300 244.560000 119.702700
42940 2022-03-29T10:49:06.702528Z 19844.17571301 19304.17044042 25952.30937672 0.01040380  64.082600 130.207300 247.555600 230.675300
43001 2022-03-29T19:49:29.84304Z 21561.24095740 21494.72950734 27906.12153237 0.00119170  55.506400 288.205000 114.354100 212.757100
43002 2022-03-29T16:36:39.777984Z 21555.06570656 21500.95011171 27906.14420913 0.00096960  55.506300 305.366300 114.394100 148.947500
43003 2022-03-28T22:08:34.003392Z 22380.91170560 22178.23292718 28657.70861639 0.00353620  55.162700  12.445900 118.302800 347.715500
43055 2022-03-29T15:33:38.849184Z 23226.35840695 23217.95192418 29600.29146556 0.00014200  55.797700 344.393700 263.918300  15.569300
43056 2022-03-30T12:39:11.96352Z 23230.12976030 23214.14561235 29600.27398632 0.00027000  55.797500 309.208400 263.893900  50.728900
43057 2022-03-29T13:46:58.21104Z 23230.74373015 23213.55780348 29600.28706681 0.00029030  55.796100 331.360700 263.919900  28.591200
43058 2022-03-29T04:59:06.402336Z 23230.86682819 23213.43817814 29600.28880316 0.00029440  55.796300 299.680100 263.927400  60.261000
43059 2022-03-29T05:03:36.47664Z 22917.99046032 22906.15135856 29290.20720944 0.00020210  55.776700 293.374100 262.400900  66.573400
43107 2022-03-29T14:50:39.183648Z 21543.02509983 21512.78053463 27906.03911723 0.00054190  55.336700  41.503500 355.394400 169.487000
43108 2022-03-30T12:38:21.139584Z 21536.10571205 21520.01499906 27906.19665556 0.00028830  55.329600 278.363000 355.352600 225.813600
43109 2022-03-29T11:50:56.6952Z 22706.61158428 22023.11455645 28742.99937036 0.01188980  55.490000  14.295500   0.267100 346.052000
43207 2022-03-29T16:24:20.372832Z 21547.80076305 21508.22984008 27906.15160157 0.00070900  55.465700 320.939800 114.475200  39.077800
43208 2022-03-29T18:00:17.097696Z 21555.65674249 21500.31332267 27906.12133258 0.00099160  55.464900 296.769100 114.478100  63.198300
43210 2022-03-29T13:24:46.692864Z 22361.23997334 22176.18134199 28646.84695766 0.00323000  55.271100  88.573200 118.349200 271.872000
43231 2022-03-29T12:51:29.788416Z 8069.77547525 8061.99014895 14444.01911210 0.00026950   0.046800   7.446800   4.189200 348.365800
43232 2022-03-29T18:56:09.377088Z 8069.72440128 8062.04595946 14444.02148037 0.00026580   0.045900  13.030100 359.107500 347.864300
43233 2022-03-29T19:53:02.694624Z 8069.50204020 8062.24825765 14444.01144892 0.00025110   0.046400  12.264900 357.348300 350.387100
43234 2022-03-29T01:58:29.326368Z 8069.82882279 8061.98281911 14444.04212095 0.00027160   0.032900 343.484200  47.175100 329.352100
43235 2022-03-29T16:33:17.021376Z 7682.44288196 7659.54841653 14049.13194925 0.00081480   0.081900 106.727800  62.495500 190.789900
43241 2022-03-29T17:04:37.298784Z 36172.20608140 26170.31582304 37549.39725222 0.13318310   0.495800 299.991900 212.378200 306.514900
43245 2022-03-30T05:56:57.568128Z 21531.91170230 21523.88034620 27906.03232425 0.00014390  55.254200 357.358700 353.146400 185.968200
43246 2022-03-29T14:55:02.78832Z 21542.95326359 21512.79802708 27906.01194534 0.00054030  55.251300 357.395300 353.197800 172.475400
43248 2022-03-27T20:28:53.532768Z 22688.50377015 22134.74424652 28789.76030833 0.00961730  55.588000  14.698800 358.388800 345.593500
43288 2022-03-26T21:04:16.40928Z 4858.37849741 2379.59930186 9997.12519963 0.12397460  86.912000  89.048000 265.806900 285.184200
43334 2022-03-30T00:05:28.883328Z 4238.72200503 1449.68534897 9222.33997700 0.15121090  64.577500 174.565000 307.167500 187.391100
43341 2022-03-29T08:01:53.873184Z 35422.29857889 31925.79122268 40052.18120078 0.04364940   3.149800 161.111900  82.899100 200.983000
43381 2022-03-28T23:12:26.146656Z 25555.65928943 21514.67697626 29913.30443285 0.06754490  58.314300 250.080100  68.265600 240.319800
43453 2022-03-01T01:23:01.176864Z 36919.47836638 30888.69016588 40282.22056613 0.07485670   3.470000 167.252900 265.442000 194.416800
43508 2022-03-30T00:25:34.294656Z 19153.74975312 19105.93249864 25507.97742588 0.00093730  64.949600 238.358100 125.501500 155.635300
43509 2022-03-29T07:37:57.577728Z 19666.14795392 19223.28602005 25822.85328698 0.00857500  64.995800 106.028000 127.448400 254.997000
43564 2022-03-29T16:37:08.845536Z 23235.69680507 23208.34034194 29600.15487351 0.00046210  57.146300 300.324800  23.343800  59.609400
43565 2022-03-28T03:39:40.999104Z 23235.54634470 23208.50955468 29600.16424969 0.00045670  57.148000 308.761700  23.385800  51.178900
43566 2022-03-29T13:06:39.94416Z 23234.59098223 23209.44269212 29600.15313718 0.00042480  57.149000 311.747200  23.350000  48.196400
43567 2022-03-29T18:23:33.739008Z 23234.39784429 23209.66986214 29600.17015322 0.00041770  57.148600 306.794700  23.343800  53.146900
43568 2022-03-28T10:30:59.01552Z 22918.11313781 22897.50754575 29285.94664178 0.00035180  57.048700 251.577800  22.010200 108.367400
43581 2022-03-29T18:47:44.528928Z 21533.03778283 21522.89112459 27906.10075371 0.00018180  54.302000 310.212200 234.811000 178.796100
43582 2022-03-30T08:57:18.348192Z 21544.00063359 21511.88631699 27906.07977529 0.00057540  54.302000  23.005600 234.780100 233.268500
43584 2022-03-26T08:29:30.480864Z 22392.59150506 22184.27726919 28666.57068713 0.00363340  54.309100  25.949300 238.789300 334.190600
43602 2022-03-30T11:11:42.581184Z 21548.66635907 21507.30390588 27906.12143248 0.00074110  54.382600  15.009600 233.384300 345.383900
43603 2022-03-29T12:20:42.624672Z 21540.46864773 21515.50940923 27906.12532848 0.00044720  54.380100   9.760300 233.384300 342.695200
43605 2022-03-25T06:46:30.56016Z 22423.51669608 22168.89998541 28674.34464075 0.00443980  54.074900  24.773600 236.810400 335.399000
43622 2022-03-30T03:40:48.987264Z 21551.89682378 21504.09362048 27906.13152213 0.00085650  55.432100 283.423300 114.017700 166.939500
43623 2022-03-29T14:48:36.190656Z 21545.48498608 21510.50186186 27906.12972397 0.00062680  55.433700 301.463000 114.027800 239.598600
43625 2022-03-29T15:04:57.26352Z 22710.12941102 22165.32516765 28815.86358934 0.00945320  55.261900  34.922800 118.130300 325.770400
43647 2022-03-30T06:29:55.434336Z 21549.44570558 21506.37551278 27906.04690918 0.00077170  55.148000   4.078400 353.309900 150.701700
43648 2022-03-30T10:18:19.003104Z 21543.90232203 21511.95545860 27906.06519032 0.00057240  55.144700   9.246400 353.312200 159.821000
43650 2022-03-24T01:16:19.996608Z 22729.68112935 22123.45729712 28804.70551323 0.01052300  54.994400  36.407300 357.326800 324.324300
43687 2022-03-30T01:50:51.671616Z 19148.50561737 19111.24861298 25508.01341518 0.00073030  64.382000 273.615100 244.868700  89.222200
43688 2022-03-27T23:05:02.404896Z 19690.13900714 19284.15750078 25865.28455396 0.00784800  64.326100 130.546400 246.734700 230.114200
43706 2022-03-29T19:00:33.768864Z 21549.28125022 21506.66304140 27906.10844581 0.00076360  54.383600 277.477600 234.689800  82.378400
43707 2022-03-29T20:19:28.594272Z 21546.47918493 21509.40317039 27906.07747766 0.00066430  54.384700 313.448100 234.678900 174.295900
43708 2022-03-29T06:10:38.585856Z 22835.64038647 22067.82600414 28829.86949531 0.01331630  54.434900  31.423300 239.064400 329.305200
43873 2022-03-29T15:12:16.100352Z 20230.03377788 20133.69534276 26560.00086032 0.00181360  55.072500 195.289800 153.044500 332.247100
44112 2022-03-29T15:43:38.232768Z 8069.38096106 8062.40738315 14444.03047211 0.00024140   0.047600   9.012100   8.194700 342.797000
44113 2022-03-29T16:22:00.16032Z 8069.03715449 8062.77132970 14444.04054210 0.00021690   0.020900 319.766500  26.026400  14.196600
44114 2022-03-29T08:42:30.750624Z 8069.83095999 8061.95607493 14444.02981746 0.00027260   0.063000  18.366200 355.394000 346.242700
44115 2022-03-29T12:13:27.726816Z 8069.92513480 8061.85092520 14444.02433000 0.00027950   0.047200   1.785400   8.451900 349.763900
44116 2022-03-29T10:59:14.891136Z 7686.91608122 7667.35395460 14055.27131791 0.00069590   0.105500 218.545400  15.009100 126.377200
44299 2022-03-29T23:02:49.687584Z 19156.61487082 19103.15515975 25508.02131528 0.00104790  64.453800 296.548200 244.750100 111.389100
44300 2022-03-28T01:49:12.01872Z 19674.28146513 19246.10417793 25838.32912153 0.00828570  64.407800 133.946900 246.175200 226.713500
44344 2022-03-30T11:14:58.735104Z 12077.69200895 5961.76227558 15397.86344227 0.19859670  42.187800  73.976200 194.275500 306.913300
44345 2022-03-29T12:37:36.738624Z 11973.86625786 5410.34243370 15070.24064578 0.21776440  42.203400 117.106900 159.106500 266.766900
44506 2022-03-29T10:00:45.434592Z 20238.81623025 20124.30674920 26559.69778973 0.00215570  55.643300 182.154700  32.231700  92.396000
44542 2022-03-29T04:34:31.726272Z 21549.45905769 21506.61749847 27906.17457808 0.00076760  54.610100 349.399200 234.836700  10.529900
44543 2022-03-29T22:06:49.792032Z 21541.72540704 21514.24345934 27906.12073319 0.00049240  54.608600 349.599700 234.781300  51.475200
44544 2022-03-28T19:11:18.312864Z 22212.08315866 22033.44521459 28500.90048663 0.00313390  54.698900 242.390700 237.026100 117.236000
44793 2022-03-29T14:57:49.185216Z 21549.16610574 21506.69307346 27906.06588960 0.00076100  54.997300   6.172400 353.365800  28.658100
44794 2022-03-30T12:13:50.350656Z 21543.08674480 21512.68592374 27906.02263427 0.00054470  54.971900   1.832000 353.327300 178.615100
44795 2022-03-28T02:39:41.23728Z 22584.40378135 22168.39466323 28754.53552229 0.00723380  55.197600  23.685200 356.337400 336.663900
44850 2022-03-29T16:28:42.102624Z 19165.75894704 19093.95394746 25507.99274725 0.00140750  64.935200 261.788800 125.366700 281.679700
44851 2022-03-29T07:01:25.173408Z 19706.69958210 19183.18827661 25823.08022935 0.01013650  64.901700 115.297300 126.430500 245.834400
44864 2022-03-29T12:59:52.960416Z 21579.69738378 21476.23272241 27906.10135309 0.00185380  55.366400 269.422100 114.253600 176.517400
44865 2022-03-29T19:30:42.662592Z 21575.05122927 21480.88487076 27906.10435001 0.00168720  55.369000 282.534800 114.275900  75.253300
44866 2022-03-30T05:57:30.974688Z 22551.16232222 22134.13651360 28720.78571791 0.00726000  55.194000   6.330800 116.518600 353.833900
45358 2022-03-29T10:49:58.318752Z 19153.07264808 19106.58183373 25507.96354091 0.00091130  64.921000 261.682600   6.069700 310.919600
45359 2022-03-27T07:38:32.77536Z 19706.81095102 19388.40650603 25925.74502853 0.00614070  64.903100 136.249500   7.349300 224.249200
45631 2022-03-30T06:37:04.904544Z 3592.13569153 514.29590256 8431.35209705 0.18252350  51.393900 205.730800 182.591900 144.043400
45635 2022-03-29T18:31:43.994208Z 3778.83290365 469.50879899 8502.30715132 0.19461330  51.489600 160.847000 226.162700 207.728500
45640 2022-03-14T09:49:40.206432Z 4029.60924638 705.11770075 8745.49977356 0.19006870  51.133200 268.926400 203.573600  69.449300
45812 2022-03-30T11:19:03.997056Z 3321.02316412 796.07361024 8436.68468718 0.14964110  51.628200 135.101600 265.837500 238.109700
45814 2022-03-27T17:30:49.416768Z 3384.57577496 674.66933660 8407.75885578 0.16115510  51.302500 206.046200 198.981800 144.977700
45815 2022-03-28T05:28:04.700352Z 3469.68623827 607.46400247 8416.71142037 0.17003210  51.452600 198.674500 179.010500 154.348200
45816 2022-03-29T13:18:03.878784Z 3641.17762596 445.55294923 8421.50158760 0.18973010  51.485200 214.924800 159.796500 131.136500
45823 2022-03-30T10:54:05.789088Z 3636.83338744 423.63370861 8408.36984803 0.19107150  51.449900 236.649600 137.682200 103.694200
45826 2022-03-28T09:08:15.863424Z 3871.28128964 565.01599817 8596.28494391 0.19230780  51.173500 256.952400 200.845500  81.077600
45832 2022-03-29T06:26:52.251648Z 4007.80747875 588.39473196 8676.23740536 0.19705620  51.332100 265.106300 185.834600  72.337300
45833 2022-03-28T04:09:25.960896Z 4425.00722501 771.88473344 8976.58227923 0.20348070  51.596100 298.979400 130.847500  42.201700
45835 2022-03-30T11:13:07.298976Z 3586.75286414 425.31952663 8384.17249538 0.18853580  51.445600 241.907500 131.176400  97.875300
45837 2022-03-27T07:11:31.739424Z 4156.77178122 895.79065507 8904.41751815 0.18311030  51.413600 327.999900  90.431700  22.130700
45840 2022-03-29T22:41:55.231296Z 4376.79930574 481.06771575 8807.06981074 0.22117070  51.579700  41.109100  12.642600 333.681600
45841 2022-03-29T19:55:59.06208Z 4091.04019814 686.62901498 8766.97090656 0.19416120  51.513700  37.333400  15.638300 334.771300
45843 2022-03-29T17:48:05.313888Z 4650.62680341 840.73738820 9123.81839581 0.20878810  51.400800 237.442800 214.478600 100.761700
45846 2022-03-28T04:48:50.235552Z 3596.91233019 1391.35161180 8872.26827100 0.12429520  51.114200 358.079200  94.191500   1.545400
45847 2022-03-30T11:31:15.392928Z 3751.05296630 384.06082358 8445.69319494 0.19933190  51.435100 202.874600 183.647300 146.966000
45848 2022-03-29T19:41:52.00512Z 4010.58542142 708.96987823 8737.91394982 0.18892470  51.428500  48.444600   7.236300 326.362600
45849 2022-03-29T22:07:12.843552Z 3998.34120245 711.96729007 8733.29054626 0.18815210  51.359100  42.905500  25.322500 330.406000
45851 2022-03-30T00:32:01.08672Z 3937.39730521 734.08527817 8713.87759169 0.18380520  51.728400  30.824800 359.717400 338.853900
45854 2022-03-29T21:21:50.59296Z 20236.13256774 20128.96021308 26560.68269041 0.00201750  55.463700 178.588600  89.480900  15.372700
45868 2022-03-30T01:54:27.03312Z 3424.52313262 989.77260109 8585.28416685 0.14179790  50.981600  74.752000  10.234500 300.523300
45872 2022-03-29T23:36:41.869152Z 3980.24470031 983.28406373 8859.90068202 0.16913060  51.395900 341.061300  92.359300  13.392900
45878 2022-03-15T07:23:23.909568Z 3589.99526619 422.03522125 8384.15154372 0.18892550  51.439300 206.608700 177.250900 142.426000
45879 2022-03-27T05:05:08.64816Z 4051.49823651 1060.72941698 8934.25012675 0.16737660  51.391500 310.351600 148.495800  36.239700
45883 2022-03-28T04:41:26.929248Z 3701.13245256 571.96666682 8514.68585969 0.18375110  51.471300 288.534200 158.910600  52.511500
45888 2022-03-29T21:17:04.020576Z 3647.52286846 427.26332013 8415.52939430 0.19132840  51.475900 226.368700 147.671500 116.195800
45894 2022-03-28T12:16:19.75008Z 4085.44218388 1146.82373784 8994.26926086 0.16336060  51.401500 283.069800 168.461700  59.333500
45900 2022-03-03T16:03:17.16336Z 3490.38957509 1199.04740007 8722.85478758 0.13134130  50.653900  60.625900 214.536600 311.923600
45905 2022-03-25T11:48:50.60736Z 4112.12943312 605.03428281 8736.71815796 0.20071010  51.391500 254.275100 198.412600  82.881800
45911 2022-03-08T00:29:25.793088Z 4610.25961678 875.36898430 9120.95060054 0.20474240  52.752100 263.686600 298.378300  72.839700
45912 2022-03-24T03:06:30.121056Z 5303.14238743 924.52200032 9491.96849388 0.23064870  51.574100  99.697400  31.556300 286.975800
45944 2022-03-29T00:56:37.177152Z 5298.79924673 826.77382503 9440.92283588 0.23684260  51.122100 184.186700 315.175000 173.518700
45945 2022-03-22T07:56:05.282016Z 4171.08382686 945.26963443 8936.31303064 0.18048910  51.310900 252.941000 190.767800  86.660300
45948 2022-03-23T18:40:19.047072Z 4411.28454289 1031.97993807 9099.76854048 0.18568080  51.371800 231.420000 233.295900 110.536400
45955 2022-03-30T08:13:35.904288Z 5365.70539508 694.82233838 9408.40016673 0.24822940  51.347900 158.972600 316.537300 213.440100
45963 2022-03-28T10:03:12.961728Z 4459.06515201 842.84235322 9029.09005262 0.20025400  51.356000 300.100500 153.482100  41.603200
45974 2022-03-29T01:33:13.754592Z 4541.37745271 620.41259801 8959.03132536 0.21882750  51.478200 339.068700  97.067500  13.247800
45977 2022-03-28T01:22:16.83984Z 3914.91381447 763.57538821 8717.38090134 0.18075030  51.550100  39.240500   5.729900 332.636500
45979 2022-03-29T18:54:59.651424Z 4034.26705796 701.40008716 8745.96987256 0.19053730  51.517700  43.145700   7.263700 330.381500
45981 2022-03-17T11:27:06.916896Z 3802.44690109 1146.28078993 8852.50014551 0.15002350  51.552400 121.949000 194.728300 253.600300
45994 2022-03-27T22:48:49.565952Z 3654.54707535 732.52266142 8571.67116839 0.17044660  51.508600 106.629400 284.147100 272.791100
45999 2022-03-29T04:47:28.277376Z 4639.47288258 744.27081171 9070.00814715 0.21472980  51.470600 285.203000 161.867300  52.248500
46002 2022-03-30T11:41:08.774304Z 4402.26076388 886.96365764 9022.74851076 0.19480190  51.120500 311.399500 162.608100  33.461300
46010 2022-03-29T21:14:56.998752Z 4894.33716692 1089.73590565 9370.17283629 0.20301660  51.295000 142.049500 333.815500 234.237500
46013 2022-03-26T10:07:12.733824Z 3451.33256385 1022.93138750 8615.26827568 0.14093590  51.051200   7.129600 102.790900 354.742900
46015 2022-03-29T20:26:38.247648Z 3575.07567841 446.15234428 8388.75031135 0.18649520  51.406400 230.751900 148.610800 111.270900
46095 2022-03-28T07:39:58.839264Z 4281.13344963 1460.34001155 9248.87303059 0.15249390  51.032100 241.847700 299.542000 102.004000
46097 2022-03-28T23:24:27.33696Z 4901.92184437 981.11511880 9319.65478159 0.21035150  51.160400 136.206300 334.522900 242.619500
46099 2022-03-26T10:58:15.377952Z 3303.60268333 914.44949628 8487.16238981 0.14075100  51.061700 210.776900 241.141800 140.259300
46108 2022-03-25T00:40:28.987392Z 3769.69442807 687.30370919 8606.63536863 0.17907060  51.259900  80.343900 348.407100 299.411300
46238 2022-03-28T08:32:28.48128Z 2664.73396751 2358.00337635 8889.50497193 0.01725240  50.672800 131.866800 136.596200 229.694300
46239 2022-03-27T05:36:22.245984Z 3556.74837838 578.52118866 8445.77108352 0.17631470  51.240500 288.053700 159.153100  53.655100
46243 2022-03-28T21:41:43.851264Z 4448.74151605 1427.34916191 9316.18163898 0.16215830  51.346300 160.893600 331.215600 206.060400
46248 2022-03-30T05:03:28.394784Z 3354.01689122 1209.86645397 8660.07797259 0.12379510  51.558000  89.944100   7.930600 284.282300
46252 2022-03-26T20:01:44.599008Z 4038.83819940 1665.53564628 9230.32322284 0.12856010  50.648500 265.835400 256.239300  79.482400
46259 2022-03-03T23:20:23.804736Z 4163.96842998 525.32998282 8722.78550640 0.20857090  50.833900 201.398300 283.273700 148.531800
46260 2022-03-27T20:24:32.108832Z 4453.41682643 1217.50086220 9213.59514431 0.17560550  50.968500 206.263200 274.548700 143.759100
46406 2022-03-04T16:39:40.51296Z 4447.37730077 783.14368505 8993.39679291 0.20371800  51.590300 257.948500 186.103900  78.713500
46408 2022-03-25T04:27:30.96864Z 4764.28539536 1282.99232781 9401.77516159 0.18514020  52.029100 131.424100  27.577900 246.109100
46410 2022-03-29T00:48:34.507872Z 4414.83649638 1460.61782354 9315.86345996 0.15855850  51.891100 116.455400 354.296100 260.739300
46413 2022-03-29T21:58:19.0272Z 3352.14887438 1061.76453501 8585.09300469 0.13339310  51.012200 129.881700 320.200700 242.714500
46520 2022-03-12T16:52:00.906528Z 4165.16531396 769.59750965 8845.51771180 0.19193720  51.169800 252.109400 203.534300  86.206000
46524 2022-03-29T21:31:50.20464Z 4012.38547056 772.49428570 8770.57617813 0.18470230  51.633400  12.436900  31.588600 351.623900
46625 2022-03-28T07:03:01.132704Z 3839.03763260 577.08890014 8586.19956637 0.18995300  51.231800 262.953300 189.725600  75.275200
46627 2022-03-21T23:51:45.131904Z 2982.23088546 1458.07413569 8598.28881058 0.08863140  49.963700 137.567300 356.221500 229.718300
46805 2022-03-29T14:39:42.540192Z 19143.09890953 19116.49923453 25507.93537203 0.00052140  64.677000 245.381500 244.162900 301.924000
46806 2022-03-28T06:48:18.856512Z 19676.22889665 19328.53448962 25880.51799313 0.00671730  64.663000 130.709700 245.020800 229.847000
46826 2022-03-29T21:13:24.702816Z 20225.02507987 20139.01797679 26560.15782833 0.00161910  54.621200 182.044700 273.320600 340.786000
47330 2022-03-29T21:55:20.722656Z 3586.87425486 454.02669686 8398.58677586 0.18651040  51.449300 217.190400 161.049100 128.424100
47332 2022-03-29T20:13:39.562464Z 3653.52676090 431.09843566 8420.44889828 0.19134540  51.422000 232.018100 146.521200 109.214000
47335 2022-03-29T21:15:05.138496Z 3864.41994812 624.78317751 8622.73786282 0.18785430  50.801400  68.725600  32.694100 310.326400
47337 2022-03-29T14:19:52.268736Z 3413.13123991 726.66769337 8448.03576664 0.15899930  51.475300 166.613100 207.728500 198.255600
48836 2022-03-30T06:50:06.440064Z 4098.18058950 926.72290824 8890.58804887 0.17836040  50.661600 324.814300 181.150000  24.661300
48859 2022-03-29T20:33:47.889792Z 20191.00166408 20175.78190849 26561.52808628 0.00028650  55.147400 201.066600  34.253200 124.369500
49333 2022-03-29T17:16:48.000Z 42947.92321503 24566.29408324 40135.24494914 0.22899610   1.097000 208.904000 241.202000  26.034000
49809 2022-03-29T07:58:57.01584Z 23224.36313730 23219.67447273 29600.15510502 0.00007920  57.141200 281.664700  23.254500 262.023900
49810 2022-03-29T18:26:02.192352Z 23224.58403069 23219.45728351 29600.15695710 0.00008660  57.142100 331.918400  23.240600 231.519700
49811 2022-03-29T20:04:37.697952Z 23568.17568173 23519.16376346 29921.80602260 0.00081900  57.116900 225.777300  23.335000 134.134600
50213 2022-03-07T15:32:05.98992Z 3986.35315571 140.09327571 8441.35951571 0.22782230  26.377900 216.747900 316.162800 134.197400
51511 2022-03-30T18:21:26.320608Z 1999.71196105 1992.79638939 8374.39047522 0.00041290  67.090900 264.733300 148.825100  95.313900
81078 2022-03-29T21:06:42.410592Z 2207.05081728 1895.39548209 8429.35944968 0.01848630  65.110000 302.113200 240.471600 216.505600
81821 2022-03-26T07:39:38.451456Z 3760.37391528 231.50214635 8374.07433082 0.21070220  34.063700 297.574000 330.963300  42.657800
82545 2022-03-29T13:41:36.72528Z 2155.85350924 1857.10298523 8384.61454723 0.01781540  64.884900 194.912100 207.537300 164.650900
82829 2022-03-25T22:53:45.606048Z 2170.78781255 1860.47525206 8393.76783231 0.01848470  65.096900 274.388300  77.973000 111.744500
89400 2022-03-27T20:19:02.234496Z 6347.28516302 1795.76056078 10449.65916190 0.21778340  63.226100  95.978200 294.172800 289.148200
